TN:
SF:src/middleware.ts
FN:12,middleware
FNF:1
FNH:0
FNDA:0,middleware
DA:1,0
DA:4,0
DA:12,0
DA:13,0
DA:15,0
DA:16,0
DA:19,0
DA:20,0
DA:26,0
DA:29,0
LF:10
LH:0
BRDA:19,0,0,0
BRF:1
BRH:0
end_of_record
TN:
SF:src/components/ErrorBoundary.tsx
FN:23,(anonymous_4)
FN:27,(anonymous_5)
FN:32,(anonymous_6)
FN:49,(anonymous_7)
FNF:4
FNH:0
FNDA:0,(anonymous_4)
FNDA:0,(anonymous_5)
FNDA:0,(anonymous_6)
FNDA:0,(anonymous_7)
DA:3,0
DA:16,0
DA:17,0
DA:24,0
DA:28,0
DA:29,0
DA:33,0
DA:34,0
DA:35,0
DA:49,0
DA:58,0
LF:11
LH:0
BRDA:33,0,0,0
BRDA:34,1,0,0
BRF:2
BRH:0
end_of_record
TN:
SF:src/components/ProtectedRoute.tsx
FN:12,ProtectedRoute
FN:17,(anonymous_2)
FNF:2
FNH:0
FNDA:0,ProtectedRoute
FNDA:0,(anonymous_2)
DA:3,0
DA:4,0
DA:5,0
DA:6,0
DA:12,0
DA:13,0
DA:14,0
DA:15,0
DA:17,0
DA:18,0
DA:19,0
DA:20,0
DA:24,0
DA:32,0
DA:33,0
LF:15
LH:0
BRDA:18,0,0,0
BRDA:18,1,0,0
BRDA:18,1,1,0
BRDA:19,2,0,0
BRDA:19,2,1,0
BRDA:19,3,0,0
BRDA:19,3,1,0
BRDA:24,4,0,0
BRDA:32,5,0,0
BRF:9
BRH:0
end_of_record
TN:
SF:src/components/chat/ChatContainer.tsx
FN:13,ChatContainer
FN:21,(anonymous_2)
FN:29,(anonymous_3)
FN:41,(anonymous_4)
FN:49,(anonymous_5)
FN:51,(anonymous_6)
FN:69,(anonymous_7)
FNF:7
FNH:0
FNDA:0,ChatContainer
FNDA:0,(anonymous_2)
FNDA:0,(anonymous_3)
FNDA:0,(anonymous_4)
FNDA:0,(anonymous_5)
FNDA:0,(anonymous_6)
FNDA:0,(anonymous_7)
DA:3,0
DA:4,0
DA:5,0
DA:6,0
DA:7,0
DA:13,0
DA:14,0
DA:15,0
DA:16,0
DA:17,0
DA:18,0
DA:21,0
DA:22,0
DA:23,0
DA:25,0
DA:29,0
DA:30,0
DA:31,0
DA:33,0
DA:42,0
DA:43,0
DA:44,0
DA:45,0
DA:46,0
DA:48,0
DA:49,0
DA:51,0
DA:55,0
DA:58,0
DA:59,0
DA:60,0
DA:65,0
DA:66,0
DA:67,0
DA:68,0
DA:69,0
DA:70,0
DA:74,0
LF:38
LH:0
BRDA:22,0,0,0
BRDA:22,1,0,0
BRDA:22,1,1,0
BRDA:30,2,0,0
BRDA:42,3,0,0
BRDA:42,3,1,0
BRDA:43,4,0,0
BRDA:43,4,1,0
BRDA:44,5,0,0
BRDA:44,5,1,0
BRDA:44,6,0,0
BRDA:44,6,1,0
BRDA:45,7,0,0
BRDA:45,7,1,0
BRDA:48,8,0,0
BRDA:48,8,1,0
BRDA:48,8,2,0
BRDA:48,8,3,0
BRDA:55,9,0,0
BRDA:55,9,1,0
BRDA:59,10,0,0
BRDA:59,10,1,0
BRDA:60,11,0,0
BRDA:60,11,1,0
BRDA:65,12,0,0
BRDA:67,13,0,0
BRDA:67,13,1,0
BRDA:68,14,0,0
BRDA:93,15,0,0
BRDA:93,15,1,0
BRDA:94,16,0,0
BRDA:94,16,1,0
BRDA:98,17,0,0
BRDA:98,17,1,0
BRDA:114,18,0,0
BRDA:114,18,1,0
BRDA:115,19,0,0
BRDA:115,19,1,0
BRF:38
BRH:0
end_of_record
TN:
SF:src/components/chat/ChatInput.tsx
FN:15,ChatInput
FN:29,(anonymous_2)
FN:30,(anonymous_3)
FN:37,(anonymous_4)
FN:41,(anonymous_5)
FN:44,(anonymous_6)
FN:52,(anonymous_7)
FN:57,(anonymous_8)
FN:60,(anonymous_9)
FN:62,(anonymous_10)
FN:65,(anonymous_11)
FN:82,(anonymous_12)
FN:85,(anonymous_13)
FN:89,(anonymous_14)
FN:90,(anonymous_15)
FN:90,(anonymous_16)
FN:93,(anonymous_17)
FN:118,(anonymous_18)
FN:130,(anonymous_19)
FN:139,(anonymous_20)
FN:153,(anonymous_21)
FN:178,(anonymous_22)
FNF:22
FNH:9
FNDA:15,ChatInput
FNDA:9,(anonymous_2)
FNDA:0,(anonymous_3)
FNDA:0,(anonymous_4)
FNDA:9,(anonymous_5)
FNDA:15,(anonymous_6)
FNDA:15,(anonymous_7)
FNDA:9,(anonymous_8)
FNDA:0,(anonymous_9)
FNDA:9,(anonymous_10)
FNDA:4,(anonymous_11)
FNDA:0,(anonymous_12)
FNDA:0,(anonymous_13)
FNDA:0,(anonymous_14)
FNDA:0,(anonymous_15)
FNDA:0,(anonymous_16)
FNDA:0,(anonymous_17)
FNDA:0,(anonymous_18)
FNDA:0,(anonymous_19)
FNDA:0,(anonymous_20)
FNDA:3,(anonymous_21)
FNDA:0,(anonymous_22)
DA:3,1
DA:4,1
DA:5,1
DA:15,9
DA:22,15
DA:23,15
DA:24,15
DA:25,15
DA:26,15
DA:27,15
DA:29,15
DA:30,9
DA:31,0
DA:32,0
DA:33,0
DA:34,0
DA:35,0
DA:36,0
DA:37,0
DA:40,9
DA:41,9
DA:44,15
DA:45,15
DA:46,15
DA:47,15
DA:48,15
DA:52,15
DA:53,15
DA:57,15
DA:58,9
DA:59,9
DA:60,9
DA:61,9
DA:62,9
DA:65,15
DA:66,4
DA:67,4
DA:69,3
DA:70,3
DA:71,3
DA:72,3
DA:73,3
DA:75,3
DA:76,2
DA:77,1
DA:78,1
DA:82,15
DA:83,0
DA:84,0
DA:85,0
DA:89,15
DA:90,0
DA:93,15
DA:94,0
DA:95,0
DA:96,0
DA:100,15
DA:118,0
DA:131,0
DA:139,0
DA:154,3
DA:155,3
DA:178,0
LF:63
LH:45
BRDA:17,0,0,14
BRDA:31,1,0,0
BRDA:31,1,1,0
BRDA:33,2,0,0
BRDA:33,2,1,0
BRDA:34,3,0,0
BRDA:46,4,0,15
BRDA:59,5,0,0
BRDA:67,6,0,1
BRDA:67,7,0,4
BRDA:67,7,1,3
BRDA:73,8,0,3
BRDA:75,9,0,2
BRDA:75,9,1,1
BRDA:77,10,0,1
BRDA:83,11,0,0
BRDA:83,11,1,0
BRDA:84,12,0,0
BRDA:94,13,0,0
BRDA:94,14,0,0
BRDA:94,14,1,0
BRDA:100,15,0,15
BRDA:100,15,1,14
BRDA:101,16,0,1
BRDA:101,16,1,13
BRDA:102,17,0,1
BRDA:102,17,1,12
BRDA:103,18,0,0
BRDA:103,18,1,12
BRDA:112,19,0,15
BRDA:128,20,0,15
BRDA:154,21,0,3
BRDA:154,21,1,3
BRDA:155,22,0,0
BRDA:155,22,1,3
BRDA:186,23,0,15
BRDA:186,23,1,14
BRF:37
BRH:23
end_of_record
TN:
SF:src/components/chat/ChatMessage.tsx
FN:31,preprocessMath
FN:33,(anonymous_3)
FN:34,(anonymous_4)
FN:51,StreamingText
FN:53,(anonymous_6)
FN:55,(anonymous_7)
FN:57,(anonymous_8)
FN:61,(anonymous_9)
FN:67,(anonymous_10)
FN:81,ChatMessage
FN:113,(anonymous_12)
FN:118,(anonymous_13)
FN:128,(anonymous_14)
FN:133,(anonymous_15)
FN:137,(anonymous_16)
FN:142,(anonymous_17)
FN:175,(anonymous_18)
FN:180,(anonymous_19)
FN:259,(anonymous_33)
FN:260,(anonymous_34)
FN:307,SourcesDisplay
FN:310,(anonymous_36)
FN:311,(anonymous_37)
FN:317,(anonymous_38)
FN:330,(anonymous_39)
FN:346,(anonymous_40)
FN:362,(anonymous_41)
FN:394,MessageWidget
FNF:28
FNH:0
FNDA:0,preprocessMath
FNDA:0,(anonymous_3)
FNDA:0,(anonymous_4)
FNDA:0,StreamingText
FNDA:0,(anonymous_6)
FNDA:0,(anonymous_7)
FNDA:0,(anonymous_8)
FNDA:0,(anonymous_9)
FNDA:0,(anonymous_10)
FNDA:0,ChatMessage
FNDA:0,(anonymous_12)
FNDA:0,(anonymous_13)
FNDA:0,(anonymous_14)
FNDA:0,(anonymous_15)
FNDA:0,(anonymous_16)
FNDA:0,(anonymous_17)
FNDA:0,(anonymous_18)
FNDA:0,(anonymous_19)
FNDA:0,(anonymous_33)
FNDA:0,(anonymous_34)
FNDA:0,SourcesDisplay
FNDA:0,(anonymous_36)
FNDA:0,(anonymous_37)
FNDA:0,(anonymous_38)
FNDA:0,(anonymous_39)
FNDA:0,(anonymous_40)
FNDA:0,(anonymous_41)
FNDA:0,MessageWidget
DA:3,0
DA:4,0
DA:5,0
DA:6,0
DA:8,0
DA:9,0
DA:10,0
DA:11,0
DA:12,0
DA:13,0
DA:14,0
DA:15,0
DA:16,0
DA:17,0
DA:18,0
DA:19,0
DA:20,0
DA:21,0
DA:22,0
DA:23,0
DA:24,0
DA:25,0
DA:26,0
DA:27,0
DA:28,0
DA:29,0
DA:32,0
DA:33,0
DA:34,0
DA:52,0
DA:53,0
DA:55,0
DA:56,0
DA:57,0
DA:61,0
DA:68,0
DA:81,0
DA:94,0
DA:95,0
DA:104,0
DA:106,0
DA:107,0
DA:108,0
DA:110,0
DA:111,0
DA:113,0
DA:114,0
DA:115,0
DA:118,0
DA:119,0
DA:120,0
DA:121,0
DA:122,0
DA:124,0
DA:125,0
DA:128,0
DA:129,0
DA:130,0
DA:133,0
DA:134,0
DA:137,0
DA:138,0
DA:142,0
DA:143,0
DA:144,0
DA:145,0
DA:146,0
DA:150,0
DA:153,0
DA:176,0
DA:177,0
DA:178,0
DA:181,0
DA:182,0
DA:183,0
DA:185,0
DA:259,0
DA:260,0
DA:308,0
DA:310,0
DA:311,0
DA:313,0
DA:314,0
DA:317,0
DA:318,0
DA:330,0
DA:331,0
DA:333,0
DA:335,0
DA:337,0
DA:339,0
DA:346,0
DA:363,0
DA:409,0
DA:443,0
LF:95
LH:0
BRDA:56,0,0,0
BRDA:74,1,0,0
BRDA:74,1,1,0
BRDA:85,2,0,0
BRDA:86,3,0,0
BRDA:87,4,0,0
BRDA:88,5,0,0
BRDA:89,6,0,0
BRDA:90,7,0,0
BRDA:95,8,0,0
BRDA:95,8,1,0
BRDA:95,9,0,0
BRDA:95,9,1,0
BRDA:110,10,0,0
BRDA:110,10,1,0
BRDA:120,11,0,0
BRDA:120,12,0,0
BRDA:120,12,1,0
BRDA:134,13,0,0
BRDA:134,13,1,0
BRDA:143,14,0,0
BRDA:143,15,0,0
BRDA:143,15,1,0
BRDA:150,16,0,0
BRDA:150,16,1,0
BRDA:153,17,0,0
BRDA:153,17,1,0
BRDA:155,18,0,0
BRDA:155,18,1,0
BRDA:163,19,0,0
BRDA:163,19,1,0
BRDA:166,20,0,0
BRDA:166,20,1,0
BRDA:169,21,0,0
BRDA:169,22,0,0
BRDA:169,22,1,0
BRDA:181,23,0,0
BRDA:181,24,0,0
BRDA:181,24,1,0
BRDA:185,25,0,0
BRDA:214,26,0,0
BRDA:214,27,0,0
BRDA:214,27,1,0
BRDA:216,28,0,0
BRDA:216,28,1,0
BRDA:218,29,0,0
BRDA:218,29,1,0
BRDA:224,30,0,0
BRDA:255,31,0,0
BRDA:255,31,1,0
BRDA:255,31,2,0
BRDA:255,31,3,0
BRDA:265,32,0,0
BRDA:265,32,1,0
BRDA:265,32,2,0
BRDA:270,33,0,0
BRDA:270,33,1,0
BRDA:271,34,0,0
BRDA:271,34,1,0
BRDA:271,35,0,0
BRDA:271,35,1,0
BRDA:284,36,0,0
BRDA:284,36,1,0
BRDA:284,36,2,0
BRDA:285,37,0,0
BRDA:285,37,1,0
BRDA:285,38,0,0
BRDA:285,38,1,0
BRDA:287,39,0,0
BRDA:293,40,0,0
BRDA:293,40,1,0
BRDA:313,41,0,0
BRDA:313,42,0,0
BRDA:313,42,1,0
BRDA:331,43,0,0
BRDA:331,43,1,0
BRDA:331,43,2,0
BRDA:331,43,3,0
BRDA:349,44,0,0
BRDA:351,45,0,0
BRDA:351,45,1,0
BRDA:352,46,0,0
BRDA:352,46,1,0
BRDA:355,47,0,0
BRDA:360,48,0,0
BRDA:369,49,0,0
BRDA:382,50,0,0
BRDA:399,51,0,0
BRDA:409,52,0,0
BRF:89
BRH:0
end_of_record
TN:
SF:src/components/chat/MessageToolbar.tsx
FN:17,ToolbarIcon
FN:46,UserMessageToolbar
FN:49,(anonymous_5)
FN:53,(anonymous_6)
FN:94,getSourceIcon
FN:104,getSourceLabel
FN:114,AssistantMessageToolbar
FN:128,(anonymous_10)
FN:129,(anonymous_11)
FN:132,(anonymous_12)
FN:134,(anonymous_13)
FN:140,(anonymous_14)
FN:143,(anonymous_15)
FN:147,(anonymous_16)
FN:153,(anonymous_17)
FN:157,(anonymous_18)
FN:220,(anonymous_19)
FN:244,(anonymous_20)
FN:257,(anonymous_21)
FN:275,(anonymous_22)
FNF:20
FNH:0
FNDA:0,ToolbarIcon
FNDA:0,UserMessageToolbar
FNDA:0,(anonymous_5)
FNDA:0,(anonymous_6)
FNDA:0,getSourceIcon
FNDA:0,getSourceLabel
FNDA:0,AssistantMessageToolbar
FNDA:0,(anonymous_10)
FNDA:0,(anonymous_11)
FNDA:0,(anonymous_12)
FNDA:0,(anonymous_13)
FNDA:0,(anonymous_14)
FNDA:0,(anonymous_15)
FNDA:0,(anonymous_16)
FNDA:0,(anonymous_17)
FNDA:0,(anonymous_18)
FNDA:0,(anonymous_19)
FNDA:0,(anonymous_20)
FNDA:0,(anonymous_21)
FNDA:0,(anonymous_22)
DA:3,0
DA:4,0
DA:6,0
DA:46,0
DA:47,0
DA:49,0
DA:50,0
DA:51,0
DA:52,0
DA:53,0
DA:95,0
DA:105,0
DA:106,0
DA:107,0
DA:108,0
DA:109,0
DA:110,0
DA:114,0
DA:124,0
DA:125,0
DA:126,0
DA:128,0
DA:129,0
DA:130,0
DA:132,0
DA:133,0
DA:134,0
DA:135,0
DA:136,0
DA:139,0
DA:140,0
DA:143,0
DA:144,0
DA:145,0
DA:146,0
DA:147,0
DA:153,0
DA:154,0
DA:157,0
DA:158,0
DA:221,0
DA:222,0
DA:223,0
DA:224,0
DA:245,0
DA:246,0
DA:258,0
DA:263,0
DA:264,0
DA:276,0
DA:280,0
LF:51
LH:0
BRDA:17,0,0,0
BRDA:17,1,0,0
BRDA:17,2,0,0
BRDA:26,3,0,0
BRDA:26,3,1,0
BRDA:29,4,0,0
BRDA:29,4,1,0
BRDA:30,5,0,0
BRDA:30,5,1,0
BRDA:46,6,0,0
BRDA:61,7,0,0
BRDA:67,8,0,0
BRDA:72,9,0,0
BRDA:105,10,0,0
BRDA:105,10,1,0
BRDA:105,10,2,0
BRDA:105,10,3,0
BRDA:105,10,4,0
BRDA:120,11,0,0
BRDA:128,12,0,0
BRDA:128,12,1,0
BRDA:129,13,0,0
BRDA:129,13,1,0
BRDA:130,14,0,0
BRDA:130,14,1,0
BRDA:133,15,0,0
BRDA:135,16,0,0
BRDA:135,17,0,0
BRDA:135,17,1,0
BRDA:154,18,0,0
BRDA:154,18,1,0
BRDA:158,19,0,0
BRDA:158,19,1,0
BRDA:163,20,0,0
BRDA:169,21,0,0
BRDA:176,22,0,0
BRDA:178,23,0,0
BRDA:178,23,1,0
BRDA:179,24,0,0
BRDA:179,24,1,0
BRDA:185,25,0,0
BRDA:185,25,1,0
BRDA:191,26,0,0
BRDA:193,27,0,0
BRDA:193,27,1,0
BRDA:194,28,0,0
BRDA:194,28,1,0
BRDA:200,29,0,0
BRDA:200,29,1,0
BRDA:205,30,0,0
BRDA:208,31,0,0
BRDA:208,31,1,0
BRDA:215,32,0,0
BRDA:223,33,0,0
BRDA:223,34,0,0
BRDA:223,34,1,0
BRDA:226,35,0,0
BRDA:226,35,1,0
BRDA:232,36,0,0
BRDA:232,36,1,0
BRDA:241,37,0,0
BRDA:245,38,0,0
BRDA:245,38,1,0
BRDA:245,38,2,0
BRDA:255,39,0,0
BRDA:254,40,0,0
BRDA:254,40,1,0
BRDA:260,41,0,0
BRDA:260,41,1,0
BRDA:270,42,0,0
BRDA:278,43,0,0
BRDA:278,43,1,0
BRDA:291,44,0,0
BRF:73
BRH:0
end_of_record
TN:
SF:src/components/chat/MessageVariants.tsx
FN:12,MessageVariants
FNF:1
FNH:0
FNDA:0,MessageVariants
DA:3,0
DA:12,0
DA:13,0
LF:3
LH:0
BRDA:13,0,0,0
BRF:1
BRH:0
end_of_record
TN:
SF:src/components/chat/ModuleLandingPage.tsx
FN:11,ModuleLandingPage
FN:12,(anonymous_2)
FN:14,(anonymous_3)
FN:16,(anonymous_4)
FN:18,(anonymous_5)
FN:19,(anonymous_6)
FN:26,(anonymous_7)
FN:47,(anonymous_8)
FN:67,(anonymous_9)
FN:73,(anonymous_10)
FNF:10
FNH:0
FNDA:0,ModuleLandingPage
FNDA:0,(anonymous_2)
FNDA:0,(anonymous_3)
FNDA:0,(anonymous_4)
FNDA:0,(anonymous_5)
FNDA:0,(anonymous_6)
FNDA:0,(anonymous_7)
FNDA:0,(anonymous_8)
FNDA:0,(anonymous_9)
FNDA:0,(anonymous_10)
DA:3,0
DA:4,0
DA:11,0
DA:12,0
DA:14,0
DA:16,0
DA:17,0
DA:18,0
DA:20,0
DA:22,0
DA:23,0
DA:25,0
DA:26,0
DA:48,0
DA:49,0
DA:68,0
DA:69,0
DA:73,0
LF:18
LH:0
BRDA:11,0,0,0
BRDA:20,1,0,0
BRDA:22,2,0,0
BRDA:22,3,0,0
BRDA:22,3,1,0
BRDA:26,4,0,0
BRDA:26,4,1,0
BRDA:32,5,0,0
BRDA:53,6,0,0
BRDA:53,6,1,0
BRDA:60,7,0,0
BRDA:60,8,0,0
BRDA:60,8,1,0
BRDA:76,9,0,0
BRDA:82,10,0,0
BRDA:82,10,1,0
BRDA:85,11,0,0
BRDA:85,11,1,0
BRF:18
BRH:0
end_of_record
TN:
SF:src/components/chat/ModulePicker.tsx
FN:83,(anonymous_6)
FN:113,ModulePicker
FN:127,(anonymous_8)
FN:141,(anonymous_9)
FN:143,(anonymous_10)
FN:147,(anonymous_11)
FN:149,(anonymous_12)
FN:160,(anonymous_13)
FN:164,(anonymous_14)
FN:166,(anonymous_15)
FN:169,(anonymous_16)
FN:175,(anonymous_17)
FN:192,(anonymous_18)
FN:198,(anonymous_19)
FN:253,ModuleChip
FNF:15
FNH:0
FNDA:0,(anonymous_6)
FNDA:0,ModulePicker
FNDA:0,(anonymous_8)
FNDA:0,(anonymous_9)
FNDA:0,(anonymous_10)
FNDA:0,(anonymous_11)
FNDA:0,(anonymous_12)
FNDA:0,(anonymous_13)
FNDA:0,(anonymous_14)
FNDA:0,(anonymous_15)
FNDA:0,(anonymous_16)
FNDA:0,(anonymous_17)
FNDA:0,(anonymous_18)
FNDA:0,(anonymous_19)
FNDA:0,ModuleChip
DA:3,0
DA:4,0
DA:5,0
DA:16,0
DA:82,0
DA:83,0
DA:87,0
DA:95,0
DA:113,0
DA:119,0
DA:120,0
DA:121,0
DA:122,0
DA:124,0
DA:127,0
DA:128,0
DA:129,0
DA:130,0
DA:141,0
DA:142,0
DA:143,0
DA:147,0
DA:148,0
DA:149,0
DA:150,0
DA:156,0
DA:159,0
DA:160,0
DA:164,0
DA:165,0
DA:166,0
DA:167,0
DA:168,0
DA:169,0
DA:170,0
DA:171,0
DA:175,0
DA:176,0
DA:177,0
DA:193,0
DA:194,0
DA:198,0
DA:253,0
LF:43
LH:0
BRDA:83,0,0,0
BRDA:83,0,1,0
BRDA:83,0,2,0
BRDA:116,1,0,0
BRDA:117,2,0,0
BRDA:124,3,0,0
BRDA:124,3,1,0
BRDA:128,4,0,0
BRDA:148,5,0,0
BRDA:150,6,0,0
BRDA:151,7,0,0
BRDA:151,7,1,0
BRDA:151,7,2,0
BRDA:151,7,3,0
BRDA:165,8,0,0
BRDA:176,9,0,0
BRDA:176,9,1,0
BRDA:180,10,0,0
BRDA:201,11,0,0
BRDA:201,11,1,0
BRDA:207,12,0,0
BRDA:207,12,1,0
BRDA:216,13,0,0
BRDA:216,13,1,0
BRDA:225,14,0,0
BRDA:241,15,0,0
BRDA:241,15,1,0
BRDA:245,16,0,0
BRDA:245,16,1,0
BRDA:245,17,0,0
BRDA:245,17,1,0
BRF:31
BRH:0
end_of_record
TN:
SF:src/components/chat/OpenModuleModal.tsx
FN:9,(anonymous_1)
FN:11,formatRelativeTime
FN:23,formatEmail
FN:36,enrich
FN:37,(anonymous_5)
FN:38,(anonymous_6)
FN:42,(anonymous_7)
FN:43,(anonymous_8)
FN:55,OpenModuleModal
FN:61,(anonymous_10)
FN:73,(anonymous_11)
FN:77,(anonymous_12)
FN:78,(anonymous_13)
FN:82,(anonymous_14)
FN:85,(anonymous_15)
FN:85,(anonymous_16)
FN:88,(anonymous_17)
FN:91,(anonymous_18)
FN:91,(anonymous_19)
FN:94,(anonymous_20)
FN:97,(anonymous_21)
FN:97,(anonymous_22)
FN:139,(anonymous_23)
FN:154,(anonymous_24)
FN:168,(anonymous_25)
FN:181,(anonymous_26)
FN:189,(anonymous_27)
FN:228,(anonymous_28)
FN:242,(anonymous_29)
FN:249,(anonymous_30)
FNF:30
FNH:0
FNDA:0,(anonymous_1)
FNDA:0,formatRelativeTime
FNDA:0,formatEmail
FNDA:0,enrich
FNDA:0,(anonymous_5)
FNDA:0,(anonymous_6)
FNDA:0,(anonymous_7)
FNDA:0,(anonymous_8)
FNDA:0,OpenModuleModal
FNDA:0,(anonymous_10)
FNDA:0,(anonymous_11)
FNDA:0,(anonymous_12)
FNDA:0,(anonymous_13)
FNDA:0,(anonymous_14)
FNDA:0,(anonymous_15)
FNDA:0,(anonymous_16)
FNDA:0,(anonymous_17)
FNDA:0,(anonymous_18)
FNDA:0,(anonymous_19)
FNDA:0,(anonymous_20)
FNDA:0,(anonymous_21)
FNDA:0,(anonymous_22)
FNDA:0,(anonymous_23)
FNDA:0,(anonymous_24)
FNDA:0,(anonymous_25)
FNDA:0,(anonymous_26)
FNDA:0,(anonymous_27)
FNDA:0,(anonymous_28)
FNDA:0,(anonymous_29)
FNDA:0,(anonymous_30)
DA:3,0
DA:4,0
DA:5,0
DA:6,0
DA:7,0
DA:9,0
DA:12,0
DA:13,0
DA:14,0
DA:15,0
DA:16,0
DA:17,0
DA:18,0
DA:19,0
DA:20,0
DA:24,0
DA:25,0
DA:37,0
DA:38,0
DA:39,0
DA:40,0
DA:42,0
DA:43,0
DA:45,0
DA:46,0
DA:51,0
DA:55,0
DA:56,0
DA:57,0
DA:58,0
DA:59,0
DA:61,0
DA:62,0
DA:63,0
DA:64,0
DA:65,0
DA:67,0
DA:69,0
DA:73,0
DA:74,0
DA:77,0
DA:78,0
DA:79,0
DA:82,0
DA:83,0
DA:84,0
DA:85,0
DA:88,0
DA:89,0
DA:90,0
DA:91,0
DA:94,0
DA:95,0
DA:96,0
DA:97,0
DA:98,0
DA:101,0
DA:140,0
DA:155,0
DA:156,0
DA:157,0
DA:160,0
DA:168,0
DA:181,0
DA:190,0
DA:191,0
DA:223,0
DA:228,0
DA:242,0
DA:249,0
LF:70
LH:0
BRDA:14,0,0,0
BRDA:15,1,0,0
BRDA:17,2,0,0
BRDA:19,3,0,0
BRDA:24,4,0,0
BRDA:25,5,0,0
BRDA:25,5,1,0
BRDA:40,6,0,0
BRDA:40,6,1,0
BRDA:46,7,0,0
BRDA:46,7,1,0
BRDA:47,8,0,0
BRDA:47,8,1,0
BRDA:48,9,0,0
BRDA:48,9,1,0
BRDA:108,10,0,0
BRDA:108,10,1,0
BRDA:123,11,0,0
BRDA:123,11,1,0
BRDA:130,12,0,0
BRDA:130,12,1,0
BRDA:132,13,0,0
BRDA:133,14,0,0
BRDA:133,14,1,0
BRDA:138,15,0,0
BRDA:144,16,0,0
BRDA:146,17,0,0
BRDA:146,17,1,0
BRDA:148,18,0,0
BRDA:160,19,0,0
BRDA:160,19,1,0
BRDA:165,20,0,0
BRDA:177,21,0,0
BRDA:226,22,0,0
BRDA:234,23,0,0
BRF:35
BRH:0
end_of_record
TN:
SF:src/components/core-chat/CompareProjectPicker.tsx
FN:22,CompareProjectPicker
FN:37,(anonymous_4)
FN:41,(anonymous_5)
FN:49,(anonymous_6)
FN:62,(anonymous_7)
FN:64,(anonymous_8)
FN:71,(anonymous_9)
FN:77,(anonymous_10)
FN:79,(anonymous_11)
FN:90,(anonymous_12)
FN:93,(anonymous_13)
FN:95,(anonymous_14)
FN:98,(anonymous_15)
FN:105,(anonymous_16)
FN:108,(anonymous_17)
FN:131,(anonymous_18)
FN:147,(anonymous_19)
FN:151,(anonymous_20)
FN:190,CompareChip
FNF:19
FNH:0
FNDA:0,CompareProjectPicker
FNDA:0,(anonymous_4)
FNDA:0,(anonymous_5)
FNDA:0,(anonymous_6)
FNDA:0,(anonymous_7)
FNDA:0,(anonymous_8)
FNDA:0,(anonymous_9)
FNDA:0,(anonymous_10)
FNDA:0,(anonymous_11)
FNDA:0,(anonymous_12)
FNDA:0,(anonymous_13)
FNDA:0,(anonymous_14)
FNDA:0,(anonymous_15)
FNDA:0,(anonymous_16)
FNDA:0,(anonymous_17)
FNDA:0,(anonymous_18)
FNDA:0,(anonymous_19)
FNDA:0,(anonymous_20)
FNDA:0,CompareChip
DA:3,0
DA:4,0
DA:5,0
DA:6,0
DA:22,0
DA:28,0
DA:29,0
DA:30,0
DA:31,0
DA:32,0
DA:33,0
DA:34,0
DA:35,0
DA:37,0
DA:38,0
DA:39,0
DA:40,0
DA:41,0
DA:43,0
DA:45,0
DA:49,0
DA:50,0
DA:51,0
DA:52,0
DA:62,0
DA:63,0
DA:64,0
DA:65,0
DA:66,0
DA:67,0
DA:71,0
DA:72,0
DA:73,0
DA:77,0
DA:78,0
DA:79,0
DA:80,0
DA:86,0
DA:89,0
DA:90,0
DA:93,0
DA:94,0
DA:95,0
DA:96,0
DA:97,0
DA:98,0
DA:99,0
DA:100,0
DA:104,0
DA:105,0
DA:108,0
DA:109,0
DA:110,0
DA:131,0
DA:148,0
DA:151,0
DA:190,0
LF:57
LH:0
BRDA:26,0,0,0
BRDA:50,1,0,0
BRDA:65,2,0,0
BRDA:72,3,0,0
BRDA:72,4,0,0
BRDA:72,4,1,0
BRDA:78,5,0,0
BRDA:80,6,0,0
BRDA:81,7,0,0
BRDA:81,7,1,0
BRDA:81,7,2,0
BRDA:81,7,3,0
BRDA:94,8,0,0
BRDA:105,9,0,0
BRDA:105,9,1,0
BRDA:109,10,0,0
BRDA:109,10,1,0
BRDA:113,11,0,0
BRDA:138,12,0,0
BRDA:138,12,1,0
BRDA:142,13,0,0
BRDA:142,13,1,0
BRDA:144,14,0,0
BRDA:144,14,1,0
BRDA:155,15,0,0
BRDA:155,15,1,0
BRDA:171,16,0,0
BRDA:171,16,1,0
BRDA:173,17,0,0
BRDA:173,17,1,0
BRDA:183,18,0,0
BRDA:183,18,1,0
BRDA:183,19,0,0
BRDA:183,19,1,0
BRF:34
BRH:0
end_of_record
TN:
SF:src/components/core-chat/ConversationView.tsx
FN:57,preprocessMath
FN:60,(anonymous_3)
FN:61,(anonymous_4)
FN:66,(anonymous_5)
FN:81,ConversationView
FN:114,(anonymous_7)
FN:122,(anonymous_8)
FN:131,(anonymous_9)
FN:132,(anonymous_10)
FN:139,(anonymous_11)
FN:143,(anonymous_12)
FN:146,(anonymous_13)
FN:154,(anonymous_14)
FN:158,(anonymous_15)
FN:161,(anonymous_16)
FN:163,(anonymous_17)
FN:166,(anonymous_18)
FN:189,(anonymous_19)
FN:191,(anonymous_20)
FN:194,(anonymous_21)
FN:195,(anonymous_22)
FN:195,(anonymous_23)
FN:198,(anonymous_24)
FN:231,(anonymous_25)
FN:245,(anonymous_26)
FN:258,(anonymous_27)
FN:259,(anonymous_28)
FN:260,(anonymous_29)
FN:323,(anonymous_30)
FN:332,(anonymous_31)
FN:341,(anonymous_32)
FN:355,(anonymous_33)
FN:384,(anonymous_34)
FN:419,CitationChip
FN:438,(anonymous_36)
FN:449,(anonymous_37)
FN:502,(anonymous_38)
FN:506,(anonymous_39)
FN:520,(anonymous_40)
FN:530,injectCitationChips
FN:540,(anonymous_42)
FN:551,splitOnCitations
FN:594,makeMarkdownComponents
FN:600,(anonymous_45)
FN:601,(anonymous_46)
FN:613,(anonymous_47)
FN:621,(anonymous_48)
FN:667,MessageBubble
FN:706,(anonymous_61)
FN:714,(anonymous_62)
FN:721,(anonymous_63)
FN:726,(anonymous_64)
FN:774,(anonymous_65)
FN:779,(anonymous_66)
FN:826,ChatWidget
FNF:55
FNH:0
FNDA:0,preprocessMath
FNDA:0,(anonymous_3)
FNDA:0,(anonymous_4)
FNDA:0,(anonymous_5)
FNDA:0,ConversationView
FNDA:0,(anonymous_7)
FNDA:0,(anonymous_8)
FNDA:0,(anonymous_9)
FNDA:0,(anonymous_10)
FNDA:0,(anonymous_11)
FNDA:0,(anonymous_12)
FNDA:0,(anonymous_13)
FNDA:0,(anonymous_14)
FNDA:0,(anonymous_15)
FNDA:0,(anonymous_16)
FNDA:0,(anonymous_17)
FNDA:0,(anonymous_18)
FNDA:0,(anonymous_19)
FNDA:0,(anonymous_20)
FNDA:0,(anonymous_21)
FNDA:0,(anonymous_22)
FNDA:0,(anonymous_23)
FNDA:0,(anonymous_24)
FNDA:0,(anonymous_25)
FNDA:0,(anonymous_26)
FNDA:0,(anonymous_27)
FNDA:0,(anonymous_28)
FNDA:0,(anonymous_29)
FNDA:0,(anonymous_30)
FNDA:0,(anonymous_31)
FNDA:0,(anonymous_32)
FNDA:0,(anonymous_33)
FNDA:0,(anonymous_34)
FNDA:0,CitationChip
FNDA:0,(anonymous_36)
FNDA:0,(anonymous_37)
FNDA:0,(anonymous_38)
FNDA:0,(anonymous_39)
FNDA:0,(anonymous_40)
FNDA:0,injectCitationChips
FNDA:0,(anonymous_42)
FNDA:0,splitOnCitations
FNDA:0,makeMarkdownComponents
FNDA:0,(anonymous_45)
FNDA:0,(anonymous_46)
FNDA:0,(anonymous_47)
FNDA:0,(anonymous_48)
FNDA:0,MessageBubble
FNDA:0,(anonymous_61)
FNDA:0,(anonymous_62)
FNDA:0,(anonymous_63)
FNDA:0,(anonymous_64)
FNDA:0,(anonymous_65)
FNDA:0,(anonymous_66)
FNDA:0,ChatWidget
DA:3,0
DA:4,0
DA:5,0
DA:6,0
DA:17,0
DA:20,0
DA:21,0
DA:22,0
DA:23,0
DA:24,0
DA:25,0
DA:26,0
DA:28,0
DA:59,0
DA:60,0
DA:61,0
DA:65,0
DA:66,0
DA:67,0
DA:68,0
DA:81,0
DA:103,0
DA:104,0
DA:105,0
DA:106,0
DA:107,0
DA:108,0
DA:109,0
DA:110,0
DA:111,0
DA:114,0
DA:115,0
DA:116,0
DA:118,0
DA:122,0
DA:123,0
DA:124,0
DA:125,0
DA:126,0
DA:127,0
DA:131,0
DA:132,0
DA:133,0
DA:134,0
DA:135,0
DA:136,0
DA:137,0
DA:138,0
DA:139,0
DA:142,0
DA:143,0
DA:146,0
DA:147,0
DA:148,0
DA:149,0
DA:150,0
DA:154,0
DA:155,0
DA:158,0
DA:159,0
DA:160,0
DA:161,0
DA:162,0
DA:163,0
DA:166,0
DA:167,0
DA:168,0
DA:170,0
DA:171,0
DA:172,0
DA:173,0
DA:174,0
DA:176,0
DA:179,0
DA:182,0
DA:183,0
DA:184,0
DA:185,0
DA:186,0
DA:189,0
DA:190,0
DA:191,0
DA:194,0
DA:195,0
DA:198,0
DA:199,0
DA:200,0
DA:201,0
DA:206,0
DA:208,0
DA:233,0
DA:234,0
DA:236,0
DA:240,0
DA:241,0
DA:242,0
DA:243,0
DA:244,0
DA:245,0
DA:246,0
DA:250,0
DA:258,0
DA:259,0
DA:260,0
DA:323,0
DA:333,0
DA:341,0
DA:356,0
DA:357,0
DA:384,0
DA:417,0
DA:434,0
DA:437,0
DA:438,0
DA:440,0
DA:441,0
DA:442,0
DA:447,0
DA:449,0
DA:453,0
DA:454,0
DA:455,0
DA:462,0
DA:464,0
DA:465,0
DA:467,0
DA:468,0
DA:469,0
DA:470,0
DA:471,0
DA:473,0
DA:475,0
DA:477,0
DA:478,0
DA:480,0
DA:483,0
DA:496,0
DA:503,0
DA:504,0
DA:506,0
DA:513,0
DA:520,0
DA:526,0
DA:536,0
DA:537,0
DA:539,0
DA:540,0
DA:541,0
DA:548,0
DA:557,0
DA:558,0
DA:559,0
DA:560,0
DA:563,0
DA:564,0
DA:565,0
DA:567,0
DA:568,0
DA:569,0
DA:580,0
DA:582,0
DA:583,0
DA:585,0
DA:586,0
DA:598,0
DA:600,0
DA:601,0
DA:602,0
DA:608,0
DA:609,0
DA:612,0
DA:614,0
DA:622,0
DA:665,0
DA:694,0
DA:695,0
DA:696,0
DA:700,0
DA:701,0
DA:702,0
DA:703,0
DA:704,0
DA:706,0
DA:707,0
DA:708,0
DA:710,0
DA:711,0
DA:714,0
DA:715,0
DA:716,0
DA:717,0
DA:718,0
DA:721,0
DA:722,0
DA:723,0
DA:726,0
DA:727,0
DA:728,0
DA:729,0
DA:730,0
DA:731,0
DA:732,0
DA:775,0
DA:776,0
DA:777,0
DA:780,0
DA:781,0
DA:839,0
DA:847,0
LF:209
LH:0
BRDA:67,0,0,0
BRDA:115,1,0,0
BRDA:123,2,0,0
BRDA:123,2,1,0
BRDA:123,3,0,0
BRDA:123,3,1,0
BRDA:126,4,0,0
BRDA:133,5,0,0
BRDA:133,5,1,0
BRDA:135,6,0,0
BRDA:135,6,1,0
BRDA:136,7,0,0
BRDA:148,8,0,0
BRDA:160,9,0,0
BRDA:168,10,0,0
BRDA:168,11,0,0
BRDA:168,11,1,0
BRDA:168,11,2,0
BRDA:170,12,0,0
BRDA:170,13,0,0
BRDA:170,13,1,0
BRDA:186,14,0,0
BRDA:190,15,0,0
BRDA:190,15,1,0
BRDA:191,16,0,0
BRDA:199,17,0,0
BRDA:199,18,0,0
BRDA:199,18,1,0
BRDA:206,19,0,0
BRDA:206,19,1,0
BRDA:208,20,0,0
BRDA:208,20,1,0
BRDA:213,21,0,0
BRDA:223,22,0,0
BRDA:223,22,1,0
BRDA:234,23,0,0
BRDA:234,23,1,0
BRDA:236,24,0,0
BRDA:236,24,1,0
BRDA:241,25,0,0
BRDA:243,26,0,0
BRDA:243,26,1,0
BRDA:244,27,0,0
BRDA:257,28,0,0
BRDA:257,28,1,0
BRDA:270,29,0,0
BRDA:280,30,0,0
BRDA:295,31,0,0
BRDA:316,32,0,0
BRDA:316,32,1,0
BRDA:316,32,2,0
BRDA:318,33,0,0
BRDA:356,34,0,0
BRDA:356,34,1,0
BRDA:357,35,0,0
BRDA:357,35,1,0
BRDA:392,36,0,0
BRDA:392,36,1,0
BRDA:392,36,2,0
BRDA:396,37,0,0
BRDA:440,38,0,0
BRDA:440,39,0,0
BRDA:440,39,1,0
BRDA:440,39,2,0
BRDA:443,40,0,0
BRDA:443,40,1,0
BRDA:447,41,0,0
BRDA:447,41,1,0
BRDA:448,42,0,0
BRDA:448,42,1,0
BRDA:455,43,0,0
BRDA:455,43,1,0
BRDA:455,43,2,0
BRDA:455,43,3,0
BRDA:462,44,0,0
BRDA:462,44,1,0
BRDA:462,45,0,0
BRDA:462,45,1,0
BRDA:464,46,0,0
BRDA:464,46,1,0
BRDA:465,47,0,0
BRDA:465,47,1,0
BRDA:467,48,0,0
BRDA:467,48,1,0
BRDA:469,49,0,0
BRDA:469,49,1,0
BRDA:475,50,0,0
BRDA:475,50,1,0
BRDA:475,51,0,0
BRDA:475,51,1,0
BRDA:477,52,0,0
BRDA:477,52,1,0
BRDA:477,53,0,0
BRDA:477,53,1,0
BRDA:478,54,0,0
BRDA:478,54,1,0
BRDA:478,55,0,0
BRDA:478,55,1,0
BRDA:480,56,0,0
BRDA:480,56,1,0
BRDA:480,57,0,0
BRDA:480,57,1,0
BRDA:496,58,0,0
BRDA:496,59,0,0
BRDA:496,59,1,0
BRDA:496,59,2,0
BRDA:506,60,0,0
BRDA:513,61,0,0
BRDA:533,62,0,0
BRDA:536,63,0,0
BRDA:539,64,0,0
BRDA:542,65,0,0
BRDA:542,65,1,0
BRDA:564,66,0,0
BRDA:568,67,0,0
BRDA:568,67,1,0
BRDA:577,68,0,0
BRDA:577,68,1,0
BRDA:582,69,0,0
BRDA:585,70,0,0
BRDA:586,71,0,0
BRDA:677,72,0,0
BRDA:695,73,0,0
BRDA:695,73,1,0
BRDA:695,74,0,0
BRDA:695,74,1,0
BRDA:696,75,0,0
BRDA:696,75,1,0
BRDA:698,76,0,0
BRDA:698,76,1,0
BRDA:707,77,0,0
BRDA:716,78,0,0
BRDA:716,79,0,0
BRDA:716,79,1,0
BRDA:727,80,0,0
BRDA:727,81,0,0
BRDA:727,81,1,0
BRDA:737,82,0,0
BRDA:737,82,1,0
BRDA:738,83,0,0
BRDA:738,83,1,0
BRDA:741,84,0,0
BRDA:741,84,1,0
BRDA:742,85,0,0
BRDA:742,85,1,0
BRDA:744,86,0,0
BRDA:747,87,0,0
BRDA:747,87,1,0
BRDA:752,88,0,0
BRDA:752,88,1,0
BRDA:760,89,0,0
BRDA:760,89,1,0
BRDA:760,89,2,0
BRDA:770,90,0,0
BRDA:769,91,0,0
BRDA:769,91,1,0
BRDA:770,92,0,0
BRDA:770,92,1,0
BRDA:780,93,0,0
BRDA:780,94,0,0
BRDA:780,94,1,0
BRDA:781,95,0,0
BRDA:791,96,0,0
BRDA:808,97,0,0
BRDA:808,97,1,0
BRDA:808,97,2,0
BRDA:808,97,3,0
BRDA:839,98,0,0
BRF:168
BRH:0
end_of_record
TN:
SF:src/components/core-chat/LandingInput.tsx
FN:29,relativeTime
FN:41,LandingInput
FN:42,(anonymous_3)
FN:53,(anonymous_4)
FN:56,(anonymous_5)
FN:60,(anonymous_6)
FN:68,(anonymous_7)
FN:72,(anonymous_8)
FN:75,(anonymous_9)
FN:77,(anonymous_10)
FN:80,(anonymous_11)
FN:102,(anonymous_12)
FN:104,(anonymous_13)
FN:107,(anonymous_14)
FN:108,(anonymous_15)
FN:108,(anonymous_16)
FN:111,(anonymous_17)
FN:124,(anonymous_18)
FN:124,(anonymous_19)
FN:131,(anonymous_20)
FN:158,(anonymous_21)
FN:167,(anonymous_22)
FN:181,(anonymous_23)
FN:184,(anonymous_24)
FN:187,(anonymous_25)
FN:213,(anonymous_26)
FN:247,(anonymous_27)
FN:251,(anonymous_28)
FN:252,(anonymous_29)
FN:263,HistoryRow
FN:277,(anonymous_31)
FN:278,(anonymous_32)
FN:289,(anonymous_33)
FNF:33
FNH:0
FNDA:0,relativeTime
FNDA:0,LandingInput
FNDA:0,(anonymous_3)
FNDA:0,(anonymous_4)
FNDA:0,(anonymous_5)
FNDA:0,(anonymous_6)
FNDA:0,(anonymous_7)
FNDA:0,(anonymous_8)
FNDA:0,(anonymous_9)
FNDA:0,(anonymous_10)
FNDA:0,(anonymous_11)
FNDA:0,(anonymous_12)
FNDA:0,(anonymous_13)
FNDA:0,(anonymous_14)
FNDA:0,(anonymous_15)
FNDA:0,(anonymous_16)
FNDA:0,(anonymous_17)
FNDA:0,(anonymous_18)
FNDA:0,(anonymous_19)
FNDA:0,(anonymous_20)
FNDA:0,(anonymous_21)
FNDA:0,(anonymous_22)
FNDA:0,(anonymous_23)
FNDA:0,(anonymous_24)
FNDA:0,(anonymous_25)
FNDA:0,(anonymous_26)
FNDA:0,(anonymous_27)
FNDA:0,(anonymous_28)
FNDA:0,(anonymous_29)
FNDA:0,HistoryRow
FNDA:0,(anonymous_31)
FNDA:0,(anonymous_32)
FNDA:0,(anonymous_33)
DA:3,0
DA:4,0
DA:6,0
DA:7,0
DA:30,0
DA:31,0
DA:32,0
DA:33,0
DA:34,0
DA:35,0
DA:36,0
DA:37,0
DA:38,0
DA:41,0
DA:42,0
DA:43,0
DA:44,0
DA:45,0
DA:46,0
DA:47,0
DA:48,0
DA:49,0
DA:50,0
DA:51,0
DA:53,0
DA:54,0
DA:55,0
DA:56,0
DA:60,0
DA:61,0
DA:62,0
DA:63,0
DA:64,0
DA:68,0
DA:69,0
DA:72,0
DA:73,0
DA:74,0
DA:75,0
DA:76,0
DA:77,0
DA:80,0
DA:81,0
DA:82,0
DA:84,0
DA:85,0
DA:86,0
DA:87,0
DA:88,0
DA:90,0
DA:93,0
DA:96,0
DA:97,0
DA:98,0
DA:99,0
DA:102,0
DA:103,0
DA:104,0
DA:107,0
DA:108,0
DA:111,0
DA:112,0
DA:113,0
DA:114,0
DA:124,0
DA:125,0
DA:126,0
DA:131,0
DA:159,0
DA:167,0
DA:182,0
DA:185,0
DA:187,0
DA:213,0
DA:248,0
DA:251,0
DA:252,0
DA:272,0
DA:277,0
DA:278,0
DA:290,0
DA:291,0
LF:82
LH:0
BRDA:34,0,0,0
BRDA:35,1,0,0
BRDA:36,2,0,0
BRDA:37,3,0,0
BRDA:41,4,0,0
BRDA:41,5,0,0
BRDA:55,6,0,0
BRDA:62,7,0,0
BRDA:74,8,0,0
BRDA:82,9,0,0
BRDA:82,10,0,0
BRDA:82,10,1,0
BRDA:82,10,2,0
BRDA:84,11,0,0
BRDA:84,12,0,0
BRDA:84,12,1,0
BRDA:99,13,0,0
BRDA:103,14,0,0
BRDA:103,14,1,0
BRDA:104,15,0,0
BRDA:112,16,0,0
BRDA:112,17,0,0
BRDA:112,17,1,0
BRDA:122,18,0,0
BRDA:124,19,0,0
BRDA:124,19,1,0
BRDA:134,20,0,0
BRDA:139,21,0,0
BRDA:139,21,1,0
BRDA:140,22,0,0
BRDA:140,22,1,0
BRDA:155,23,0,0
BRDA:155,23,1,0
BRDA:195,24,0,0
BRDA:221,25,0,0
BRDA:221,25,1,0
BRDA:221,25,2,0
BRDA:225,26,0,0
BRDA:237,27,0,0
BRDA:245,28,0,0
BRDA:245,28,1,0
BRDA:294,29,0,0
BRDA:294,29,1,0
BRF:43
BRH:0
end_of_record
TN:
SF:src/components/core-chat/ProjectStandaloneChatView.tsx
FN:46,toCoreMessage
FN:65,ProjectStandaloneChatView
FN:92,(anonymous_3)
FN:95,(anonymous_4)
FN:96,(anonymous_5)
FN:104,(anonymous_6)
FN:109,(anonymous_7)
FN:116,(anonymous_8)
FN:118,(anonymous_9)
FN:120,(anonymous_10)
FN:128,(anonymous_11)
FN:134,(anonymous_12)
FN:138,(anonymous_13)
FN:140,(anonymous_14)
FN:148,(anonymous_15)
FN:162,(anonymous_16)
FN:165,(anonymous_17)
FN:171,(anonymous_18)
FN:175,(anonymous_19)
FN:180,(anonymous_20)
FN:187,(anonymous_21)
FN:188,(anonymous_22)
FN:199,(anonymous_23)
FN:206,(anonymous_24)
FN:207,(anonymous_25)
FN:225,(anonymous_26)
FN:225,(anonymous_27)
FN:226,(anonymous_28)
FN:230,(anonymous_29)
FN:238,(anonymous_30)
FN:239,(anonymous_31)
FN:240,(anonymous_32)
FN:261,(anonymous_33)
FN:264,(anonymous_34)
FN:274,(anonymous_35)
FN:275,(anonymous_36)
FN:276,(anonymous_37)
FN:292,(anonymous_38)
FN:300,(anonymous_39)
FN:302,(anonymous_40)
FN:332,(anonymous_41)
FN:337,(anonymous_42)
FN:339,(anonymous_43)
FN:364,(anonymous_44)
FN:373,(anonymous_45)
FN:386,(anonymous_46)
FN:389,(anonymous_47)
FN:408,(anonymous_48)
FN:409,(anonymous_49)
FN:418,(anonymous_50)
FN:419,(anonymous_51)
FN:448,(anonymous_52)
FN:449,(anonymous_53)
FN:453,(anonymous_54)
FN:480,(anonymous_55)
FN:481,(anonymous_56)
FN:487,(anonymous_57)
FN:495,(anonymous_58)
FN:495,(anonymous_59)
FN:507,(anonymous_60)
FN:508,(anonymous_61)
FN:508,(anonymous_62)
FN:509,(anonymous_63)
FN:517,(anonymous_64)
FN:519,(anonymous_65)
FN:555,(anonymous_66)
FN:561,(anonymous_67)
FN:598,(anonymous_68)
FNF:68
FNH:0
FNDA:0,toCoreMessage
FNDA:0,ProjectStandaloneChatView
FNDA:0,(anonymous_3)
FNDA:0,(anonymous_4)
FNDA:0,(anonymous_5)
FNDA:0,(anonymous_6)
FNDA:0,(anonymous_7)
FNDA:0,(anonymous_8)
FNDA:0,(anonymous_9)
FNDA:0,(anonymous_10)
FNDA:0,(anonymous_11)
FNDA:0,(anonymous_12)
FNDA:0,(anonymous_13)
FNDA:0,(anonymous_14)
FNDA:0,(anonymous_15)
FNDA:0,(anonymous_16)
FNDA:0,(anonymous_17)
FNDA:0,(anonymous_18)
FNDA:0,(anonymous_19)
FNDA:0,(anonymous_20)
FNDA:0,(anonymous_21)
FNDA:0,(anonymous_22)
FNDA:0,(anonymous_23)
FNDA:0,(anonymous_24)
FNDA:0,(anonymous_25)
FNDA:0,(anonymous_26)
FNDA:0,(anonymous_27)
FNDA:0,(anonymous_28)
FNDA:0,(anonymous_29)
FNDA:0,(anonymous_30)
FNDA:0,(anonymous_31)
FNDA:0,(anonymous_32)
FNDA:0,(anonymous_33)
FNDA:0,(anonymous_34)
FNDA:0,(anonymous_35)
FNDA:0,(anonymous_36)
FNDA:0,(anonymous_37)
FNDA:0,(anonymous_38)
FNDA:0,(anonymous_39)
FNDA:0,(anonymous_40)
FNDA:0,(anonymous_41)
FNDA:0,(anonymous_42)
FNDA:0,(anonymous_43)
FNDA:0,(anonymous_44)
FNDA:0,(anonymous_45)
FNDA:0,(anonymous_46)
FNDA:0,(anonymous_47)
FNDA:0,(anonymous_48)
FNDA:0,(anonymous_49)
FNDA:0,(anonymous_50)
FNDA:0,(anonymous_51)
FNDA:0,(anonymous_52)
FNDA:0,(anonymous_53)
FNDA:0,(anonymous_54)
FNDA:0,(anonymous_55)
FNDA:0,(anonymous_56)
FNDA:0,(anonymous_57)
FNDA:0,(anonymous_58)
FNDA:0,(anonymous_59)
FNDA:0,(anonymous_60)
FNDA:0,(anonymous_61)
FNDA:0,(anonymous_62)
FNDA:0,(anonymous_63)
FNDA:0,(anonymous_64)
FNDA:0,(anonymous_65)
FNDA:0,(anonymous_66)
FNDA:0,(anonymous_67)
FNDA:0,(anonymous_68)
DA:3,0
DA:4,0
DA:5,0
DA:7,0
DA:8,0
DA:9,0
DA:10,0
DA:11,0
DA:13,0
DA:14,0
DA:18,0
DA:47,0
DA:65,0
DA:76,0
DA:77,0
DA:78,0
DA:79,0
DA:80,0
DA:81,0
DA:82,0
DA:83,0
DA:84,0
DA:87,0
DA:88,0
DA:89,0
DA:90,0
DA:92,0
DA:94,0
DA:96,0
DA:104,0
DA:109,0
DA:110,0
DA:111,0
DA:116,0
DA:117,0
DA:119,0
DA:120,0
DA:128,0
DA:133,0
DA:134,0
DA:135,0
DA:137,0
DA:139,0
DA:140,0
DA:149,0
DA:150,0
DA:151,0
DA:152,0
DA:153,0
DA:154,0
DA:155,0
DA:157,0
DA:161,0
DA:162,0
DA:163,0
DA:164,0
DA:165,0
DA:167,0
DA:171,0
DA:172,0
DA:173,0
DA:176,0
DA:180,0
DA:183,0
DA:187,0
DA:188,0
DA:189,0
DA:190,0
DA:191,0
DA:192,0
DA:193,0
DA:195,0
DA:198,0
DA:199,0
DA:203,0
DA:205,0
DA:207,0
DA:212,0
DA:213,0
DA:214,0
DA:215,0
DA:216,0
DA:218,0
DA:222,0
DA:225,0
DA:227,0
DA:228,0
DA:231,0
DA:232,0
DA:234,0
DA:235,0
DA:238,0
DA:239,0
DA:240,0
DA:246,0
DA:261,0
DA:262,0
DA:265,0
DA:266,0
DA:267,0
DA:268,0
DA:275,0
DA:276,0
DA:277,0
DA:278,0
DA:279,0
DA:280,0
DA:282,0
DA:291,0
DA:293,0
DA:294,0
DA:295,0
DA:296,0
DA:297,0
DA:299,0
DA:300,0
DA:301,0
DA:304,0
DA:312,0
DA:313,0
DA:314,0
DA:316,0
DA:322,0
DA:323,0
DA:325,0
DA:331,0
DA:333,0
DA:334,0
DA:336,0
DA:337,0
DA:338,0
DA:341,0
DA:349,0
DA:350,0
DA:351,0
DA:353,0
DA:354,0
DA:356,0
DA:357,0
DA:363,0
DA:365,0
DA:366,0
DA:367,0
DA:372,0
DA:374,0
DA:375,0
DA:376,0
DA:379,0
DA:381,0
DA:383,0
DA:384,0
DA:387,0
DA:392,0
DA:401,0
DA:402,0
DA:403,0
DA:405,0
DA:406,0
DA:408,0
DA:409,0
DA:411,0
DA:417,0
DA:419,0
DA:420,0
DA:422,0
DA:424,0
DA:433,0
DA:434,0
DA:435,0
DA:437,0
DA:438,0
DA:440,0
DA:441,0
DA:447,0
DA:449,0
DA:450,0
DA:452,0
DA:453,0
DA:454,0
DA:456,0
DA:465,0
DA:466,0
DA:467,0
DA:469,0
DA:470,0
DA:472,0
DA:473,0
DA:479,0
DA:481,0
DA:486,0
DA:488,0
DA:489,0
DA:490,0
DA:491,0
DA:492,0
DA:493,0
DA:495,0
DA:498,0
DA:500,0
DA:506,0
DA:508,0
DA:509,0
DA:510,0
DA:517,0
DA:518,0
DA:519,0
DA:520,0
DA:524,0
DA:526,0
DA:555,0
DA:561,0
DA:598,0
LF:212
LH:0
BRDA:51,0,0,0
BRDA:51,0,1,0
BRDA:52,1,0,0
BRDA:52,1,1,0
BRDA:53,2,0,0
BRDA:53,2,1,0
BRDA:55,3,0,0
BRDA:55,3,1,0
BRDA:67,4,0,0
BRDA:68,5,0,0
BRDA:100,6,0,0
BRDA:100,6,1,0
BRDA:101,7,0,0
BRDA:101,7,1,0
BRDA:102,8,0,0
BRDA:102,8,1,0
BRDA:110,9,0,0
BRDA:122,10,0,0
BRDA:122,10,1,0
BRDA:123,11,0,0
BRDA:123,11,1,0
BRDA:135,12,0,0
BRDA:135,13,0,0
BRDA:135,13,1,0
BRDA:135,13,2,0
BRDA:142,14,0,0
BRDA:142,14,1,0
BRDA:143,15,0,0
BRDA:143,15,1,0
BRDA:163,16,0,0
BRDA:163,17,0,0
BRDA:163,17,1,0
BRDA:163,17,2,0
BRDA:167,18,0,0
BRDA:172,19,0,0
BRDA:176,20,0,0
BRDA:176,20,1,0
BRDA:176,20,2,0
BRDA:189,21,0,0
BRDA:191,22,0,0
BRDA:193,23,0,0
BRDA:193,23,1,0
BRDA:218,24,0,0
BRDA:218,24,1,0
BRDA:234,25,0,0
BRDA:240,26,0,0
BRDA:240,26,1,0
BRDA:240,27,0,0
BRDA:240,27,1,0
BRDA:240,27,2,0
BRDA:250,28,0,0
BRDA:250,28,1,0
BRDA:257,29,0,0
BRDA:257,29,1,0
BRDA:258,30,0,0
BRDA:258,30,1,0
BRDA:271,31,0,0
BRDA:271,31,1,0
BRDA:277,32,0,0
BRDA:301,33,0,0
BRDA:338,34,0,0
BRDA:366,35,0,0
BRDA:374,36,0,0
BRDA:383,37,0,0
BRDA:387,38,0,0
BRDA:420,39,0,0
BRDA:450,40,0,0
BRDA:450,41,0,0
BRDA:450,41,1,0
BRDA:454,42,0,0
BRDA:491,43,0,0
BRDA:491,43,1,0
BRDA:518,44,0,0
BRDA:520,45,0,0
BRDA:524,46,0,0
BRDA:524,46,1,0
BRDA:526,47,0,0
BRDA:536,48,0,0
BRDA:536,48,1,0
BRDA:547,49,0,0
BRDA:547,49,1,0
BRDA:554,50,0,0
BRDA:554,50,1,0
BRDA:558,51,0,0
BRDA:590,52,0,0
BRDA:590,52,1,0
BRDA:597,53,0,0
BRDA:597,53,1,0
BRF:88
BRH:0
end_of_record
TN:
SF:src/components/core-chat/ResearchPanel.tsx
FN:21,MiniPdfPage
FN:26,(anonymous_5)
FN:30,(anonymous_6)
FN:45,(anonymous_7)
FN:74,RichHtmlContent
FN:98,SnippetCard
FN:113,(anonymous_10)
FN:120,(anonymous_11)
FN:127,(anonymous_12)
FN:131,(anonymous_13)
FN:134,(anonymous_14)
FN:138,(anonymous_15)
FN:141,(anonymous_16)
FN:203,ResearchPanel
FN:219,(anonymous_18)
FNF:15
FNH:0
FNDA:0,MiniPdfPage
FNDA:0,(anonymous_5)
FNDA:0,(anonymous_6)
FNDA:0,(anonymous_7)
FNDA:0,RichHtmlContent
FNDA:0,SnippetCard
FNDA:0,(anonymous_10)
FNDA:0,(anonymous_11)
FNDA:0,(anonymous_12)
FNDA:0,(anonymous_13)
FNDA:0,(anonymous_14)
FNDA:0,(anonymous_15)
FNDA:0,(anonymous_16)
FNDA:0,ResearchPanel
FNDA:0,(anonymous_18)
DA:3,0
DA:4,0
DA:5,0
DA:7,0
DA:22,0
DA:23,0
DA:24,0
DA:26,0
DA:27,0
DA:28,0
DA:30,0
DA:31,0
DA:32,0
DA:33,0
DA:34,0
DA:35,0
DA:36,0
DA:37,0
DA:39,0
DA:41,0
DA:45,0
DA:46,0
DA:47,0
DA:51,0
DA:77,0
DA:81,0
DA:98,0
DA:107,0
DA:108,0
DA:109,0
DA:110,0
DA:111,0
DA:113,0
DA:114,0
DA:115,0
DA:116,0
DA:117,0
DA:119,0
DA:121,0
DA:122,0
DA:123,0
DA:126,0
DA:127,0
DA:129,0
DA:132,0
DA:135,0
DA:138,0
DA:141,0
DA:142,0
DA:145,0
DA:150,0
DA:159,0
DA:160,0
DA:203,0
DA:219,0
LF:55
LH:0
BRDA:33,0,0,0
BRDA:36,1,0,0
BRDA:36,1,1,0
BRDA:39,2,0,0
BRDA:41,3,0,0
BRDA:47,4,0,0
BRDA:51,5,0,0
BRDA:57,6,0,0
BRDA:63,7,0,0
BRDA:77,8,0,0
BRDA:77,8,1,0
BRDA:77,9,0,0
BRDA:77,9,1,0
BRDA:101,10,0,0
BRDA:109,11,0,0
BRDA:109,11,1,0
BRDA:114,12,0,0
BRDA:121,13,0,0
BRDA:122,14,0,0
BRDA:123,15,0,0
BRDA:123,15,1,0
BRDA:126,16,0,0
BRDA:129,17,0,0
BRDA:129,17,1,0
BRDA:129,17,2,0
BRDA:132,18,0,0
BRDA:135,19,0,0
BRDA:142,20,0,0
BRDA:145,21,0,0
BRDA:150,22,0,0
BRDA:150,23,0,0
BRDA:150,23,1,0
BRDA:150,23,2,0
BRDA:160,24,0,0
BRDA:160,24,1,0
BRDA:178,25,0,0
BRDA:178,25,1,0
BRDA:183,26,0,0
BRDA:183,26,1,0
BRDA:190,27,0,0
BRDA:190,27,1,0
BRDA:190,27,2,0
BRDA:219,28,0,0
BRDA:219,28,1,0
BRF:44
BRH:0
end_of_record
TN:
SF:src/components/core-chat/ThinkingLogs.tsx
FN:17,tierLabel
FN:20,(anonymous_2)
FN:21,(anonymous_3)
FN:33,formatElapsed
FN:44,buildTimeline
FN:48,(anonymous_6)
FN:56,(anonymous_7)
FN:64,TimelineRow
FN:85,ThinkingLogs
FN:90,(anonymous_10)
FN:100,(anonymous_11)
FN:102,(anonymous_12)
FN:105,(anonymous_13)
FN:108,(anonymous_14)
FN:117,(anonymous_15)
FN:134,(anonymous_16)
FN:181,(anonymous_17)
FNF:17
FNH:0
FNDA:0,tierLabel
FNDA:0,(anonymous_2)
FNDA:0,(anonymous_3)
FNDA:0,formatElapsed
FNDA:0,buildTimeline
FNDA:0,(anonymous_6)
FNDA:0,(anonymous_7)
FNDA:0,TimelineRow
FNDA:0,ThinkingLogs
FNDA:0,(anonymous_10)
FNDA:0,(anonymous_11)
FNDA:0,(anonymous_12)
FNDA:0,(anonymous_13)
FNDA:0,(anonymous_14)
FNDA:0,(anonymous_15)
FNDA:0,(anonymous_16)
FNDA:0,(anonymous_17)
DA:3,0
DA:4,0
DA:7,0
DA:18,0
DA:20,0
DA:22,0
DA:23,0
DA:24,0
DA:25,0
DA:26,0
DA:34,0
DA:47,0
DA:48,0
DA:56,0
DA:85,0
DA:86,0
DA:87,0
DA:88,0
DA:90,0
DA:91,0
DA:92,0
DA:94,0
DA:95,0
DA:96,0
DA:100,0
DA:101,0
DA:102,0
DA:103,0
DA:105,0
DA:108,0
DA:109,0
DA:112,0
DA:113,0
DA:115,0
DA:117,0
DA:118,0
DA:119,0
DA:120,0
DA:123,0
DA:126,0
DA:135,0
DA:142,0
DA:143,0
DA:144,0
DA:145,0
DA:146,0
DA:147,0
DA:152,0
DA:155,0
DA:182,0
LF:50
LH:0
BRDA:19,0,0,0
BRDA:19,0,1,0
BRDA:22,1,0,0
BRDA:22,1,1,0
BRDA:22,1,2,0
BRDA:22,1,3,0
BRDA:47,2,0,0
BRDA:51,3,0,0
BRDA:51,3,1,0
BRDA:69,4,0,0
BRDA:71,5,0,0
BRDA:77,6,0,0
BRDA:77,6,1,0
BRDA:77,7,0,0
BRDA:77,7,1,0
BRDA:91,8,0,0
BRDA:91,9,0,0
BRDA:91,9,1,0
BRDA:94,10,0,0
BRDA:94,11,0,0
BRDA:94,11,1,0
BRDA:101,12,0,0
BRDA:103,13,0,0
BRDA:109,14,0,0
BRDA:112,15,0,0
BRDA:112,15,1,0
BRDA:115,16,0,0
BRDA:115,17,0,0
BRDA:115,17,1,0
BRDA:120,18,0,0
BRDA:120,18,1,0
BRDA:123,19,0,0
BRDA:123,19,1,0
BRDA:126,20,0,0
BRDA:143,21,0,0
BRDA:144,22,0,0
BRDA:146,23,0,0
BRDA:148,24,0,0
BRDA:148,24,1,0
BRDA:152,25,0,0
BRDA:152,25,1,0
BRDA:155,26,0,0
BRF:42
BRH:0
end_of_record
TN:
SF:src/components/editor/ChatPanel.tsx
FN:61,ChatPanel
FN:77,(anonymous_3)
FN:79,(anonymous_4)
FN:81,(anonymous_5)
FN:89,(anonymous_6)
FN:93,(anonymous_7)
FN:104,(anonymous_8)
FN:106,(anonymous_9)
FN:112,(anonymous_10)
FN:123,(anonymous_11)
FN:125,(anonymous_12)
FN:132,(anonymous_13)
FN:142,(anonymous_14)
FN:150,(anonymous_15)
FN:156,(anonymous_16)
FN:165,(anonymous_17)
FN:166,(anonymous_18)
FN:176,(anonymous_19)
FN:179,(anonymous_20)
FN:180,(anonymous_21)
FN:186,(anonymous_22)
FN:189,(anonymous_23)
FN:238,(anonymous_24)
FN:240,(anonymous_25)
FN:241,(anonymous_26)
FN:241,(anonymous_27)
FN:242,(anonymous_28)
FN:243,(anonymous_29)
FN:257,(anonymous_30)
FN:260,(anonymous_31)
FN:262,(anonymous_32)
FN:312,TabBar
FN:347,(anonymous_34)
FN:356,(anonymous_35)
FN:357,(anonymous_36)
FN:400,TabButton
FN:434,(anonymous_38)
FN:449,HistoryDropdown
FN:471,(anonymous_40)
FN:475,(anonymous_41)
FN:485,(anonymous_42)
FN:504,ChatMessageItem
FN:538,(anonymous_44)
FN:546,(anonymous_45)
FN:553,(anonymous_46)
FN:558,(anonymous_47)
FN:597,(anonymous_48)
FN:598,(anonymous_49)
FN:610,(anonymous_50)
FN:615,(anonymous_51)
FN:648,(anonymous_52)
FN:649,(anonymous_53)
FN:672,ChatWidget
FNF:53
FNH:0
FNDA:0,ChatPanel
FNDA:0,(anonymous_3)
FNDA:0,(anonymous_4)
FNDA:0,(anonymous_5)
FNDA:0,(anonymous_6)
FNDA:0,(anonymous_7)
FNDA:0,(anonymous_8)
FNDA:0,(anonymous_9)
FNDA:0,(anonymous_10)
FNDA:0,(anonymous_11)
FNDA:0,(anonymous_12)
FNDA:0,(anonymous_13)
FNDA:0,(anonymous_14)
FNDA:0,(anonymous_15)
FNDA:0,(anonymous_16)
FNDA:0,(anonymous_17)
FNDA:0,(anonymous_18)
FNDA:0,(anonymous_19)
FNDA:0,(anonymous_20)
FNDA:0,(anonymous_21)
FNDA:0,(anonymous_22)
FNDA:0,(anonymous_23)
FNDA:0,(anonymous_24)
FNDA:0,(anonymous_25)
FNDA:0,(anonymous_26)
FNDA:0,(anonymous_27)
FNDA:0,(anonymous_28)
FNDA:0,(anonymous_29)
FNDA:0,(anonymous_30)
FNDA:0,(anonymous_31)
FNDA:0,(anonymous_32)
FNDA:0,TabBar
FNDA:0,(anonymous_34)
FNDA:0,(anonymous_35)
FNDA:0,(anonymous_36)
FNDA:0,TabButton
FNDA:0,(anonymous_38)
FNDA:0,HistoryDropdown
FNDA:0,(anonymous_40)
FNDA:0,(anonymous_41)
FNDA:0,(anonymous_42)
FNDA:0,ChatMessageItem
FNDA:0,(anonymous_44)
FNDA:0,(anonymous_45)
FNDA:0,(anonymous_46)
FNDA:0,(anonymous_47)
FNDA:0,(anonymous_48)
FNDA:0,(anonymous_49)
FNDA:0,(anonymous_50)
FNDA:0,(anonymous_51)
FNDA:0,(anonymous_52)
FNDA:0,(anonymous_53)
FNDA:0,ChatWidget
DA:3,0
DA:4,0
DA:5,0
DA:6,0
DA:7,0
DA:8,0
DA:9,0
DA:10,0
DA:11,0
DA:12,0
DA:15,0
DA:16,0
DA:17,0
DA:18,0
DA:19,0
DA:20,0
DA:21,0
DA:22,0
DA:23,0
DA:24,0
DA:25,0
DA:26,0
DA:27,0
DA:28,0
DA:29,0
DA:42,0
DA:59,0
DA:61,0
DA:75,0
DA:77,0
DA:79,0
DA:80,0
DA:81,0
DA:86,0
DA:87,0
DA:89,0
DA:90,0
DA:92,0
DA:93,0
DA:97,0
DA:98,0
DA:99,0
DA:101,0
DA:102,0
DA:104,0
DA:105,0
DA:106,0
DA:107,0
DA:108,0
DA:111,0
DA:112,0
DA:116,0
DA:117,0
DA:118,0
DA:119,0
DA:120,0
DA:121,0
DA:123,0
DA:125,0
DA:126,0
DA:127,0
DA:129,0
DA:131,0
DA:132,0
DA:133,0
DA:134,0
DA:138,0
DA:139,0
DA:142,0
DA:143,0
DA:144,0
DA:146,0
DA:150,0
DA:151,0
DA:152,0
DA:153,0
DA:154,0
DA:155,0
DA:156,0
DA:157,0
DA:158,0
DA:164,0
DA:166,0
DA:168,0
DA:169,0
DA:175,0
DA:177,0
DA:178,0
DA:179,0
DA:185,0
DA:187,0
DA:189,0
DA:190,0
DA:191,0
DA:192,0
DA:195,0
DA:196,0
DA:198,0
DA:207,0
DA:209,0
DA:210,0
DA:212,0
DA:213,0
DA:214,0
DA:216,0
DA:218,0
DA:224,0
DA:225,0
DA:226,0
DA:238,0
DA:240,0
DA:241,0
DA:242,0
DA:243,0
DA:259,0
DA:260,0
DA:262,0
DA:263,0
DA:309,0
DA:310,0
DA:348,0
DA:349,0
DA:356,0
DA:357,0
DA:415,0
DA:434,0
DA:472,0
DA:475,0
DA:485,0
DA:528,0
DA:530,0
DA:532,0
DA:533,0
DA:534,0
DA:535,0
DA:536,0
DA:538,0
DA:539,0
DA:540,0
DA:542,0
DA:543,0
DA:546,0
DA:547,0
DA:548,0
DA:549,0
DA:550,0
DA:553,0
DA:554,0
DA:555,0
DA:558,0
DA:559,0
DA:560,0
DA:561,0
DA:562,0
DA:563,0
DA:564,0
DA:568,0
DA:570,0
DA:571,0
DA:573,0
DA:577,0
DA:578,0
DA:580,0
DA:581,0
DA:582,0
DA:597,0
DA:598,0
DA:611,0
DA:612,0
DA:613,0
DA:616,0
DA:617,0
DA:648,0
DA:649,0
DA:687,0
DA:689,0
DA:769,0
LF:177
LH:0
BRDA:67,0,0,0
BRDA:68,1,0,0
BRDA:69,2,0,0
BRDA:81,3,0,0
BRDA:81,3,1,0
BRDA:86,4,0,0
BRDA:86,4,1,0
BRDA:87,5,0,0
BRDA:87,5,1,0
BRDA:89,6,0,0
BRDA:89,6,1,0
BRDA:90,7,0,0
BRDA:90,7,1,0
BRDA:93,8,0,0
BRDA:93,8,1,0
BRDA:93,9,0,0
BRDA:93,9,1,0
BRDA:93,10,0,0
BRDA:93,10,1,0
BRDA:98,11,0,0
BRDA:98,11,1,0
BRDA:99,12,0,0
BRDA:99,12,1,0
BRDA:105,13,0,0
BRDA:107,14,0,0
BRDA:107,15,0,0
BRDA:107,15,1,0
BRDA:123,16,0,0
BRDA:123,16,1,0
BRDA:127,17,0,0
BRDA:127,17,1,0
BRDA:129,18,0,0
BRDA:129,18,1,0
BRDA:129,18,2,0
BRDA:131,19,0,0
BRDA:131,20,0,0
BRDA:131,20,1,0
BRDA:133,21,0,0
BRDA:143,22,0,0
BRDA:143,23,0,0
BRDA:143,23,1,0
BRDA:155,24,0,0
BRDA:157,25,0,0
BRDA:168,26,0,0
BRDA:168,26,1,0
BRDA:177,27,0,0
BRDA:179,28,0,0
BRDA:187,29,0,0
BRDA:189,30,0,0
BRDA:189,30,1,0
BRDA:209,31,0,0
BRDA:209,31,1,0
BRDA:229,32,0,0
BRDA:229,32,1,0
BRDA:231,33,0,0
BRDA:250,34,0,0
BRDA:250,34,1,0
BRDA:251,35,0,0
BRDA:251,35,1,0
BRDA:252,36,0,0
BRDA:252,36,1,0
BRDA:259,37,0,0
BRDA:259,37,1,0
BRDA:259,37,2,0
BRDA:259,37,3,0
BRDA:269,38,0,0
BRDA:269,38,1,0
BRDA:264,39,0,0
BRDA:264,39,1,0
BRDA:283,40,0,0
BRDA:287,41,0,0
BRDA:287,41,1,0
BRDA:291,42,0,0
BRDA:291,42,1,0
BRDA:294,43,0,0
BRDA:294,43,1,0
BRDA:297,44,0,0
BRDA:297,44,1,0
BRDA:370,45,0,0
BRDA:370,45,1,0
BRDA:378,46,0,0
BRDA:415,47,0,0
BRDA:415,47,1,0
BRDA:427,48,0,0
BRDA:427,48,1,0
BRDA:466,49,0,0
BRDA:466,49,1,0
BRDA:481,50,0,0
BRDA:481,50,1,0
BRDA:508,51,0,0
BRDA:509,52,0,0
BRDA:533,53,0,0
BRDA:533,53,1,0
BRDA:539,54,0,0
BRDA:542,55,0,0
BRDA:542,55,1,0
BRDA:548,56,0,0
BRDA:548,57,0,0
BRDA:548,57,1,0
BRDA:555,58,0,0
BRDA:555,58,1,0
BRDA:559,59,0,0
BRDA:559,60,0,0
BRDA:559,60,1,0
BRDA:568,61,0,0
BRDA:571,62,0,0
BRDA:571,62,1,0
BRDA:573,63,0,0
BRDA:573,63,1,0
BRDA:573,63,2,0
BRDA:573,63,3,0
BRDA:578,64,0,0
BRDA:578,64,1,0
BRDA:578,65,0,0
BRDA:578,65,1,0
BRDA:580,66,0,0
BRDA:580,66,1,0
BRDA:582,67,0,0
BRDA:582,67,1,0
BRDA:585,68,0,0
BRDA:585,68,1,0
BRDA:586,69,0,0
BRDA:586,69,1,0
BRDA:589,70,0,0
BRDA:589,70,1,0
BRDA:590,71,0,0
BRDA:590,71,1,0
BRDA:592,72,0,0
BRDA:606,73,0,0
BRDA:605,74,0,0
BRDA:605,74,1,0
BRDA:606,75,0,0
BRDA:606,75,1,0
BRDA:616,76,0,0
BRDA:616,77,0,0
BRDA:616,77,1,0
BRDA:617,78,0,0
BRDA:627,79,0,0
BRDA:626,80,0,0
BRDA:626,80,1,0
BRDA:626,80,2,0
BRDA:632,81,0,0
BRDA:632,81,1,0
BRDA:632,82,0,0
BRDA:632,82,1,0
BRDA:634,83,0,0
BRDA:644,84,0,0
BRDA:644,84,1,0
BRDA:644,84,2,0
BRDA:653,85,0,0
BRDA:653,85,1,0
BRDA:654,86,0,0
BRDA:654,86,1,0
BRDA:654,87,0,0
BRDA:654,87,1,0
BRDA:677,88,0,0
BRDA:687,89,0,0
BRDA:689,90,0,0
BRF:158
BRH:0
end_of_record
TN:
SF:src/components/editor/EditorPanel.tsx
FN:19,EditorPanel
FN:68,(anonymous_2)
FN:130,EvidenceDocumentViewer
FN:143,(anonymous_4)
FN:148,(anonymous_5)
FN:160,(anonymous_6)
FN:161,(anonymous_7)
FN:216,(anonymous_8)
FNF:8
FNH:0
FNDA:0,EditorPanel
FNDA:0,(anonymous_2)
FNDA:0,EvidenceDocumentViewer
FNDA:0,(anonymous_4)
FNDA:0,(anonymous_5)
FNDA:0,(anonymous_6)
FNDA:0,(anonymous_7)
FNDA:0,(anonymous_8)
DA:3,0
DA:4,0
DA:5,0
DA:6,0
DA:7,0
DA:8,0
DA:19,0
DA:28,0
DA:29,0
DA:30,0
DA:67,0
DA:68,0
DA:69,0
DA:79,0
DA:80,0
DA:81,0
DA:83,0
DA:84,0
DA:87,0
DA:99,0
DA:126,0
DA:137,0
DA:138,0
DA:139,0
DA:140,0
DA:143,0
DA:144,0
DA:145,0
DA:148,0
DA:149,0
DA:151,0
DA:152,0
DA:153,0
DA:155,0
DA:156,0
DA:160,0
DA:161,0
DA:162,0
DA:163,0
DA:164,0
DA:165,0
DA:167,0
DA:168,0
DA:170,0
DA:174,0
DA:178,0
DA:179,0
DA:180,0
DA:216,0
LF:49
LH:0
BRDA:28,0,0,0
BRDA:28,1,0,0
BRDA:28,1,1,0
BRDA:30,2,0,0
BRDA:30,2,1,0
BRDA:38,3,0,0
BRDA:37,4,0,0
BRDA:37,4,1,0
BRDA:45,5,0,0
BRDA:67,6,0,0
BRDA:69,7,0,0
BRDA:79,8,0,0
BRDA:79,9,0,0
BRDA:79,9,1,0
BRDA:81,10,0,0
BRDA:84,11,0,0
BRDA:84,11,1,0
BRDA:87,12,0,0
BRDA:87,13,0,0
BRDA:87,13,1,0
BRDA:99,14,0,0
BRDA:99,15,0,0
BRDA:99,15,1,0
BRDA:116,16,0,0
BRDA:116,16,1,0
BRDA:144,17,0,0
BRDA:149,18,0,0
BRDA:179,19,0,0
BRDA:179,19,1,0
BRDA:180,20,0,0
BRDA:180,20,1,0
BRDA:180,21,0,0
BRDA:180,21,1,0
BRDA:180,21,2,0
BRDA:190,22,0,0
BRDA:190,22,1,0
BRDA:197,23,0,0
BRDA:204,24,0,0
BRDA:208,25,0,0
BRDA:214,26,0,0
BRDA:219,27,0,0
BRDA:219,27,1,0
BRF:42
BRH:0
end_of_record
TN:
SF:src/components/editor/EditorSidePanel.tsx
FN:8,(anonymous_8)
FN:8,(anonymous_9)
FN:8,(anonymous_10)
FN:9,(anonymous_12)
FN:9,(anonymous_13)
FN:9,(anonymous_14)
FN:10,(anonymous_16)
FN:10,(anonymous_17)
FN:10,(anonymous_18)
FN:11,(anonymous_20)
FN:11,(anonymous_21)
FN:11,(anonymous_22)
FN:12,(anonymous_24)
FN:12,(anonymous_25)
FN:12,(anonymous_26)
FN:13,(anonymous_28)
FN:13,(anonymous_29)
FN:13,(anonymous_30)
FN:14,(anonymous_32)
FN:14,(anonymous_33)
FN:14,(anonymous_34)
FN:15,(anonymous_36)
FN:15,(anonymous_37)
FN:15,(anonymous_38)
FN:16,(anonymous_40)
FN:16,(anonymous_41)
FN:16,(anonymous_42)
FN:17,(anonymous_44)
FN:17,(anonymous_45)
FN:17,(anonymous_46)
FN:78,EditorSidePanel
FN:90,(anonymous_49)
FN:93,(anonymous_50)
FN:94,(anonymous_51)
FN:123,EditorWidgetRenderer
FNF:35
FNH:0
FNDA:0,(anonymous_8)
FNDA:0,(anonymous_9)
FNDA:0,(anonymous_10)
FNDA:0,(anonymous_12)
FNDA:0,(anonymous_13)
FNDA:0,(anonymous_14)
FNDA:0,(anonymous_16)
FNDA:0,(anonymous_17)
FNDA:0,(anonymous_18)
FNDA:0,(anonymous_20)
FNDA:0,(anonymous_21)
FNDA:0,(anonymous_22)
FNDA:0,(anonymous_24)
FNDA:0,(anonymous_25)
FNDA:0,(anonymous_26)
FNDA:0,(anonymous_28)
FNDA:0,(anonymous_29)
FNDA:0,(anonymous_30)
FNDA:0,(anonymous_32)
FNDA:0,(anonymous_33)
FNDA:0,(anonymous_34)
FNDA:0,(anonymous_36)
FNDA:0,(anonymous_37)
FNDA:0,(anonymous_38)
FNDA:0,(anonymous_40)
FNDA:0,(anonymous_41)
FNDA:0,(anonymous_42)
FNDA:0,(anonymous_44)
FNDA:0,(anonymous_45)
FNDA:0,(anonymous_46)
FNDA:0,EditorSidePanel
FNDA:0,(anonymous_49)
FNDA:0,(anonymous_50)
FNDA:0,(anonymous_51)
FNDA:0,EditorWidgetRenderer
DA:3,0
DA:4,0
DA:5,0
DA:8,0
DA:9,0
DA:10,0
DA:11,0
DA:12,0
DA:13,0
DA:14,0
DA:15,0
DA:16,0
DA:17,0
DA:21,0
DA:34,0
DA:62,0
DA:78,0
DA:79,0
DA:81,0
DA:82,0
DA:84,0
DA:91,0
DA:93,0
DA:94,0
DA:136,0
DA:167,0
LF:26
LH:0
BRDA:78,0,0,0
BRDA:81,1,0,0
BRDA:81,1,1,0
BRDA:84,2,0,0
BRDA:88,3,0,0
BRDA:96,4,0,0
BRDA:96,4,1,0
BRDA:101,5,0,0
BRDA:101,5,1,0
BRDA:136,6,0,0
BRDA:136,6,1,0
BRDA:136,6,2,0
BRDA:136,6,3,0
BRF:13
BRH:0
end_of_record
TN:
SF:src/components/editor/InputOutputBar.tsx
FN:19,InputOutputBar
FN:34,(anonymous_2)
FN:51,(anonymous_3)
FN:67,(anonymous_4)
FN:87,(anonymous_5)
FN:96,(anonymous_6)
FN:99,(anonymous_7)
FN:108,(anonymous_8)
FN:123,(anonymous_9)
FN:162,(anonymous_10)
FN:165,(anonymous_11)
FNF:11
FNH:0
FNDA:0,InputOutputBar
FNDA:0,(anonymous_2)
FNDA:0,(anonymous_3)
FNDA:0,(anonymous_4)
FNDA:0,(anonymous_5)
FNDA:0,(anonymous_6)
FNDA:0,(anonymous_7)
FNDA:0,(anonymous_8)
FNDA:0,(anonymous_9)
FNDA:0,(anonymous_10)
FNDA:0,(anonymous_11)
DA:3,0
DA:4,0
DA:19,0
DA:30,0
DA:31,0
DA:32,0
DA:34,0
DA:35,0
DA:36,0
DA:38,0
DA:39,0
DA:40,0
DA:42,0
DA:44,0
DA:45,0
DA:46,0
DA:51,0
DA:52,0
DA:53,0
DA:55,0
DA:56,0
DA:57,0
DA:59,0
DA:61,0
DA:66,0
DA:67,0
DA:74,0
DA:87,0
DA:97,0
DA:99,0
DA:108,0
DA:123,0
DA:163,0
DA:165,0
LF:34
LH:0
BRDA:26,0,0,0
BRDA:27,1,0,0
BRDA:36,2,0,0
BRDA:45,3,0,0
BRDA:53,4,0,0
BRDA:66,5,0,0
BRDA:66,5,1,0
BRDA:69,6,0,0
BRDA:69,6,1,0
BRDA:69,6,2,0
BRDA:70,7,0,0
BRDA:70,7,1,0
BRDA:86,8,0,0
BRDA:85,9,0,0
BRDA:85,9,1,0
BRDA:100,10,0,0
BRDA:100,10,1,0
BRDA:104,11,0,0
BRDA:104,11,1,0
BRDA:106,12,0,0
BRDA:114,13,0,0
BRDA:124,14,0,0
BRDA:124,14,1,0
BRDA:128,15,0,0
BRDA:139,16,0,0
BRDA:139,16,1,0
BRDA:150,17,0,0
BRDA:153,18,0,0
BRDA:153,18,1,0
BRDA:160,19,0,0
BRDA:166,20,0,0
BRDA:166,20,1,0
BRDA:166,21,0,0
BRDA:166,21,1,0
BRF:34
BRH:0
end_of_record
TN:
SF:src/components/editor/ProjectHeader.tsx
FN:31,ProjectHeader
FN:49,(anonymous_2)
FN:53,(anonymous_3)
FN:60,(anonymous_4)
FN:79,(anonymous_5)
FN:84,(anonymous_6)
FN:114,(anonymous_7)
FN:142,(anonymous_8)
FN:163,(anonymous_9)
FN:207,(anonymous_10)
FNF:10
FNH:0
FNDA:0,ProjectHeader
FNDA:0,(anonymous_2)
FNDA:0,(anonymous_3)
FNDA:0,(anonymous_4)
FNDA:0,(anonymous_5)
FNDA:0,(anonymous_6)
FNDA:0,(anonymous_7)
FNDA:0,(anonymous_8)
FNDA:0,(anonymous_9)
FNDA:0,(anonymous_10)
DA:3,0
DA:4,0
DA:5,0
DA:6,0
DA:31,0
DA:41,0
DA:42,0
DA:43,0
DA:44,0
DA:45,0
DA:46,0
DA:47,0
DA:49,0
DA:50,0
DA:53,0
DA:54,0
DA:55,0
DA:56,0
DA:60,0
DA:61,0
DA:62,0
DA:63,0
DA:64,0
DA:66,0
DA:67,0
DA:68,0
DA:69,0
DA:71,0
DA:72,0
DA:74,0
DA:75,0
DA:79,0
DA:80,0
DA:81,0
DA:84,0
DA:85,0
DA:86,0
DA:89,0
DA:114,0
DA:142,0
DA:163,0
DA:207,0
LF:42
LH:0
BRDA:37,0,0,0
BRDA:39,1,0,0
BRDA:42,2,0,0
BRDA:42,2,1,0
BRDA:47,3,0,0
BRDA:47,3,1,0
BRDA:50,4,0,0
BRDA:50,4,1,0
BRDA:54,5,0,0
BRDA:54,6,0,0
BRDA:54,6,1,0
BRDA:61,7,0,0
BRDA:62,8,0,0
BRDA:62,8,1,0
BRDA:72,9,0,0
BRDA:72,9,1,0
BRDA:80,10,0,0
BRDA:80,10,1,0
BRDA:85,11,0,0
BRDA:85,11,1,0
BRDA:86,12,0,0
BRDA:89,13,0,0
BRDA:89,13,1,0
BRDA:89,13,2,0
BRDA:89,13,3,0
BRDA:89,13,4,0
BRDA:95,14,0,0
BRDA:109,15,0,0
BRDA:108,16,0,0
BRDA:108,16,1,0
BRDA:140,17,0,0
BRDA:148,18,0,0
BRDA:159,19,0,0
BRDA:161,20,0,0
BRDA:170,21,0,0
BRDA:172,22,0,0
BRDA:172,22,1,0
BRDA:175,23,0,0
BRDA:175,23,1,0
BRDA:175,24,0,0
BRDA:175,24,1,0
BRDA:180,25,0,0
BRDA:182,26,0,0
BRDA:182,26,1,0
BRDA:185,27,0,0
BRDA:185,27,1,0
BRDA:185,28,0,0
BRDA:185,28,1,0
BRDA:190,29,0,0
BRDA:203,30,0,0
BRF:50
BRH:0
end_of_record
TN:
SF:src/components/files/ProjectFilesView.tsx
FN:51,formatFileSize
FN:58,formatDate
FN:68,ProjectFilesView
FN:95,(anonymous_4)
FN:100,(anonymous_5)
FN:111,(anonymous_6)
FN:115,(anonymous_7)
FN:130,(anonymous_8)
FN:133,(anonymous_9)
FN:149,(anonymous_10)
FN:152,(anonymous_11)
FN:152,(anonymous_12)
FN:164,(anonymous_13)
FN:178,(anonymous_14)
FN:190,(anonymous_15)
FN:207,(anonymous_16)
FN:209,(anonymous_17)
FN:213,(anonymous_18)
FN:216,(anonymous_19)
FN:262,(anonymous_20)
FN:265,(anonymous_21)
FN:316,(anonymous_22)
FN:316,(anonymous_23)
FN:331,(anonymous_24)
FN:338,(anonymous_25)
FN:387,(anonymous_26)
FN:429,(anonymous_27)
FN:442,(anonymous_28)
FN:467,(anonymous_29)
FN:467,(anonymous_30)
FN:475,(anonymous_31)
FN:475,(anonymous_32)
FN:521,(anonymous_33)
FN:546,(anonymous_34)
FN:561,(anonymous_35)
FN:587,(anonymous_36)
FN:587,(anonymous_37)
FN:595,(anonymous_38)
FN:595,(anonymous_39)
FNF:39
FNH:0
FNDA:0,formatFileSize
FNDA:0,formatDate
FNDA:0,ProjectFilesView
FNDA:0,(anonymous_4)
FNDA:0,(anonymous_5)
FNDA:0,(anonymous_6)
FNDA:0,(anonymous_7)
FNDA:0,(anonymous_8)
FNDA:0,(anonymous_9)
FNDA:0,(anonymous_10)
FNDA:0,(anonymous_11)
FNDA:0,(anonymous_12)
FNDA:0,(anonymous_13)
FNDA:0,(anonymous_14)
FNDA:0,(anonymous_15)
FNDA:0,(anonymous_16)
FNDA:0,(anonymous_17)
FNDA:0,(anonymous_18)
FNDA:0,(anonymous_19)
FNDA:0,(anonymous_20)
FNDA:0,(anonymous_21)
FNDA:0,(anonymous_22)
FNDA:0,(anonymous_23)
FNDA:0,(anonymous_24)
FNDA:0,(anonymous_25)
FNDA:0,(anonymous_26)
FNDA:0,(anonymous_27)
FNDA:0,(anonymous_28)
FNDA:0,(anonymous_29)
FNDA:0,(anonymous_30)
FNDA:0,(anonymous_31)
FNDA:0,(anonymous_32)
FNDA:0,(anonymous_33)
FNDA:0,(anonymous_34)
FNDA:0,(anonymous_35)
FNDA:0,(anonymous_36)
FNDA:0,(anonymous_37)
FNDA:0,(anonymous_38)
FNDA:0,(anonymous_39)
DA:3,0
DA:14,0
DA:17,0
DA:18,0
DA:19,0
DA:31,0
DA:44,0
DA:52,0
DA:53,0
DA:54,0
DA:55,0
DA:59,0
DA:60,0
DA:61,0
DA:68,0
DA:77,0
DA:78,0
DA:79,0
DA:80,0
DA:81,0
DA:82,0
DA:83,0
DA:84,0
DA:85,0
DA:86,0
DA:87,0
DA:88,0
DA:89,0
DA:90,0
DA:91,0
DA:94,0
DA:95,0
DA:98,0
DA:100,0
DA:101,0
DA:102,0
DA:103,0
DA:105,0
DA:107,0
DA:111,0
DA:112,0
DA:115,0
DA:116,0
DA:117,0
DA:118,0
DA:119,0
DA:121,0
DA:124,0
DA:126,0
DA:130,0
DA:131,0
DA:133,0
DA:134,0
DA:135,0
DA:136,0
DA:137,0
DA:138,0
DA:139,0
DA:141,0
DA:143,0
DA:145,0
DA:149,0
DA:150,0
DA:152,0
DA:153,0
DA:154,0
DA:156,0
DA:158,0
DA:160,0
DA:164,0
DA:165,0
DA:166,0
DA:167,0
DA:168,0
DA:169,0
DA:170,0
DA:172,0
DA:174,0
DA:178,0
DA:179,0
DA:180,0
DA:181,0
DA:182,0
DA:183,0
DA:184,0
DA:186,0
DA:190,0
DA:191,0
DA:192,0
DA:193,0
DA:194,0
DA:195,0
DA:196,0
DA:197,0
DA:198,0
DA:199,0
DA:200,0
DA:203,0
DA:207,0
DA:208,0
DA:209,0
DA:210,0
DA:212,0
DA:213,0
DA:216,0
DA:217,0
DA:218,0
DA:219,0
DA:220,0
DA:222,0
DA:226,0
DA:227,0
DA:229,0
DA:230,0
DA:231,0
DA:232,0
DA:234,0
DA:263,0
DA:265,0
DA:316,0
DA:331,0
DA:338,0
DA:388,0
DA:389,0
DA:429,0
DA:442,0
DA:467,0
DA:475,0
DA:522,0
DA:546,0
DA:561,0
DA:587,0
DA:595,0
LF:133
LH:0
BRDA:52,0,0,0
BRDA:52,1,0,0
BRDA:52,1,1,0
BRDA:53,2,0,0
BRDA:54,3,0,0
BRDA:59,4,0,0
BRDA:74,5,0,0
BRDA:118,6,0,0
BRDA:118,6,1,0
BRDA:134,7,0,0
BRDA:137,8,0,0
BRDA:137,8,1,0
BRDA:141,9,0,0
BRDA:141,10,0,0
BRDA:141,10,1,0
BRDA:165,11,0,0
BRDA:180,12,0,0
BRDA:180,13,0,0
BRDA:180,13,1,0
BRDA:191,14,0,0
BRDA:192,15,0,0
BRDA:192,15,1,0
BRDA:195,16,0,0
BRDA:196,17,0,0
BRDA:208,18,0,0
BRDA:210,19,0,0
BRDA:217,20,0,0
BRDA:249,21,0,0
BRDA:249,21,1,0
BRDA:256,22,0,0
BRDA:256,22,1,0
BRDA:267,23,0,0
BRDA:267,23,1,0
BRDA:272,24,0,0
BRDA:272,24,1,0
BRDA:280,25,0,0
BRDA:284,26,0,0
BRDA:305,27,0,0
BRDA:311,28,0,0
BRDA:311,28,1,0
BRDA:313,29,0,0
BRDA:321,30,0,0
BRDA:328,31,0,0
BRDA:348,32,0,0
BRDA:355,33,0,0
BRDA:373,34,0,0
BRDA:394,35,0,0
BRDA:408,36,0,0
BRDA:417,37,0,0
BRDA:417,37,1,0
BRDA:435,38,0,0
BRDA:441,39,0,0
BRDA:460,40,0,0
BRDA:500,41,0,0
BRDA:507,42,0,0
BRDA:531,43,0,0
BRDA:531,43,1,0
BRDA:532,44,0,0
BRDA:532,44,1,0
BRDA:545,45,0,0
BRDA:547,46,0,0
BRDA:547,46,1,0
BRDA:552,47,0,0
BRDA:562,48,0,0
BRDA:562,48,1,0
BRDA:567,49,0,0
BRDA:580,50,0,0
BRF:67
BRH:0
end_of_record
TN:
SF:src/components/modules/BuildStage.tsx
FN:11,StageButton
FN:32,GeneratingPlaceholder
FN:52,BuildStage
FN:64,(anonymous_4)
FN:66,(anonymous_5)
FN:73,(anonymous_6)
FN:89,(anonymous_7)
FN:93,(anonymous_8)
FN:101,(anonymous_9)
FN:115,(anonymous_10)
FN:118,(anonymous_11)
FN:124,(anonymous_12)
FN:126,(anonymous_13)
FN:138,(anonymous_14)
FN:140,(anonymous_15)
FN:144,(anonymous_16)
FN:153,(anonymous_17)
FN:154,(anonymous_18)
FN:158,(anonymous_19)
FN:162,(anonymous_20)
FN:166,(anonymous_21)
FN:173,(anonymous_22)
FN:173,(anonymous_23)
FN:174,(anonymous_24)
FN:177,(anonymous_25)
FN:178,(anonymous_26)
FN:179,(anonymous_27)
FN:185,(anonymous_28)
FN:186,(anonymous_29)
FN:194,(anonymous_30)
FN:199,(anonymous_31)
FN:201,(anonymous_32)
FN:202,(anonymous_33)
FN:213,(anonymous_34)
FN:219,(anonymous_35)
FN:226,(anonymous_36)
FN:246,(anonymous_37)
FN:268,(anonymous_38)
FN:276,(anonymous_39)
FN:277,(anonymous_40)
FN:293,(anonymous_41)
FN:307,(anonymous_42)
FN:308,(anonymous_43)
FN:321,(anonymous_44)
FN:324,(anonymous_45)
FN:337,(anonymous_46)
FNF:46
FNH:0
FNDA:0,StageButton
FNDA:0,GeneratingPlaceholder
FNDA:0,BuildStage
FNDA:0,(anonymous_4)
FNDA:0,(anonymous_5)
FNDA:0,(anonymous_6)
FNDA:0,(anonymous_7)
FNDA:0,(anonymous_8)
FNDA:0,(anonymous_9)
FNDA:0,(anonymous_10)
FNDA:0,(anonymous_11)
FNDA:0,(anonymous_12)
FNDA:0,(anonymous_13)
FNDA:0,(anonymous_14)
FNDA:0,(anonymous_15)
FNDA:0,(anonymous_16)
FNDA:0,(anonymous_17)
FNDA:0,(anonymous_18)
FNDA:0,(anonymous_19)
FNDA:0,(anonymous_20)
FNDA:0,(anonymous_21)
FNDA:0,(anonymous_22)
FNDA:0,(anonymous_23)
FNDA:0,(anonymous_24)
FNDA:0,(anonymous_25)
FNDA:0,(anonymous_26)
FNDA:0,(anonymous_27)
FNDA:0,(anonymous_28)
FNDA:0,(anonymous_29)
FNDA:0,(anonymous_30)
FNDA:0,(anonymous_31)
FNDA:0,(anonymous_32)
FNDA:0,(anonymous_33)
FNDA:0,(anonymous_34)
FNDA:0,(anonymous_35)
FNDA:0,(anonymous_36)
FNDA:0,(anonymous_37)
FNDA:0,(anonymous_38)
FNDA:0,(anonymous_39)
FNDA:0,(anonymous_40)
FNDA:0,(anonymous_41)
FNDA:0,(anonymous_42)
FNDA:0,(anonymous_43)
FNDA:0,(anonymous_44)
FNDA:0,(anonymous_45)
FNDA:0,(anonymous_46)
DA:3,0
DA:4,0
DA:6,0
DA:7,0
DA:8,0
DA:9,0
DA:52,0
DA:61,0
DA:62,0
DA:64,0
DA:65,0
DA:66,0
DA:67,0
DA:68,0
DA:70,0
DA:73,0
DA:75,0
DA:76,0
DA:77,0
DA:80,0
DA:83,0
DA:84,0
DA:85,0
DA:89,0
DA:90,0
DA:91,0
DA:92,0
DA:93,0
DA:94,0
DA:95,0
DA:98,0
DA:101,0
DA:102,0
DA:103,0
DA:104,0
DA:105,0
DA:106,0
DA:108,0
DA:110,0
DA:115,0
DA:116,0
DA:117,0
DA:118,0
DA:119,0
DA:124,0
DA:125,0
DA:126,0
DA:127,0
DA:128,0
DA:129,0
DA:130,0
DA:131,0
DA:132,0
DA:133,0
DA:138,0
DA:139,0
DA:140,0
DA:141,0
DA:144,0
DA:145,0
DA:146,0
DA:147,0
DA:149,0
DA:153,0
DA:154,0
DA:157,0
DA:159,0
DA:160,0
DA:161,0
DA:162,0
DA:165,0
DA:166,0
DA:167,0
DA:168,0
DA:169,0
DA:172,0
DA:173,0
DA:174,0
DA:175,0
DA:177,0
DA:178,0
DA:179,0
DA:181,0
DA:185,0
DA:191,0
DA:192,0
DA:194,0
DA:195,0
DA:197,0
DA:199,0
DA:200,0
DA:201,0
DA:202,0
DA:203,0
DA:204,0
DA:205,0
DA:207,0
DA:208,0
DA:213,0
DA:220,0
DA:221,0
DA:222,0
DA:226,0
DA:246,0
DA:268,0
DA:276,0
DA:277,0
DA:294,0
DA:295,0
DA:308,0
DA:321,0
DA:324,0
DA:337,0
LF:113
LH:0
BRDA:56,0,0,0
BRDA:67,1,0,0
BRDA:67,1,1,0
BRDA:68,2,0,0
BRDA:68,3,0,0
BRDA:68,3,1,0
BRDA:76,4,0,0
BRDA:76,5,0,0
BRDA:76,5,1,0
BRDA:80,6,0,0
BRDA:80,6,1,0
BRDA:80,6,2,0
BRDA:91,7,0,0
BRDA:91,7,1,0
BRDA:91,8,0,0
BRDA:91,8,1,0
BRDA:92,9,0,0
BRDA:95,10,0,0
BRDA:108,11,0,0
BRDA:108,11,1,0
BRDA:116,12,0,0
BRDA:117,13,0,0
BRDA:119,14,0,0
BRDA:125,15,0,0
BRDA:127,16,0,0
BRDA:130,17,0,0
BRDA:130,17,1,0
BRDA:131,18,0,0
BRDA:131,19,0,0
BRDA:131,19,1,0
BRDA:139,20,0,0
BRDA:149,21,0,0
BRDA:149,21,1,0
BRDA:159,22,0,0
BRDA:160,23,0,0
BRDA:160,23,1,0
BRDA:161,24,0,0
BRDA:161,24,1,0
BRDA:161,25,0,0
BRDA:161,25,1,0
BRDA:167,26,0,0
BRDA:167,26,1,0
BRDA:168,27,0,0
BRDA:177,28,0,0
BRDA:177,28,1,0
BRDA:191,29,0,0
BRDA:191,29,1,0
BRDA:191,30,0,0
BRDA:191,30,1,0
BRDA:192,31,0,0
BRDA:192,31,1,0
BRDA:192,32,0,0
BRDA:192,32,1,0
BRDA:195,33,0,0
BRDA:195,33,1,0
BRDA:197,34,0,0
BRDA:197,34,1,0
BRDA:203,35,0,0
BRDA:203,35,1,0
BRDA:204,36,0,0
BRDA:204,36,1,0
BRDA:207,37,0,0
BRDA:213,38,0,0
BRDA:213,38,1,0
BRDA:226,39,0,0
BRDA:226,39,1,0
BRDA:229,40,0,0
BRDA:229,40,1,0
BRDA:231,41,0,0
BRDA:231,41,1,0
BRDA:243,42,0,0
BRDA:253,43,0,0
BRDA:253,43,1,0
BRDA:257,44,0,0
BRDA:257,44,1,0
BRDA:257,45,0,0
BRDA:257,45,1,0
BRDA:257,45,2,0
BRDA:257,45,3,0
BRDA:263,46,0,0
BRDA:265,47,0,0
BRDA:267,48,0,0
BRDA:276,49,0,0
BRDA:276,49,1,0
BRDA:277,50,0,0
BRDA:277,50,1,0
BRDA:285,51,0,0
BRDA:285,51,1,0
BRDA:285,51,2,0
BRDA:288,52,0,0
BRDA:294,53,0,0
BRDA:294,53,1,0
BRDA:301,54,0,0
BRDA:316,55,0,0
BRDA:321,56,0,0
BRDA:321,56,1,0
BRDA:324,57,0,0
BRDA:324,57,1,0
BRDA:333,58,0,0
BRDA:333,58,1,0
BRF:100
BRH:0
end_of_record
TN:
SF:src/components/modules/FloatingCard.tsx
FN:8,FloatingCard
FNF:1
FNH:0
FNDA:0,FloatingCard
DA:8,0
LF:1
LH:0
BRDA:12,0,0,0
BRDA:25,1,0,0
BRF:2
BRH:0
end_of_record
TN:
SF:src/components/modules/ItemToolbar.tsx
FN:14,ItemToolbar
FN:25,(anonymous_2)
FN:33,(anonymous_3)
FN:58,(anonymous_4)
FNF:4
FNH:0
FNDA:0,ItemToolbar
FNDA:0,(anonymous_2)
FNDA:0,(anonymous_3)
FNDA:0,(anonymous_4)
DA:3,0
DA:4,0
DA:6,0
DA:14,0
DA:15,0
DA:16,0
DA:25,0
DA:34,0
DA:58,0
LF:9
LH:0
BRDA:16,0,0,0
BRDA:16,0,1,0
BRDA:21,1,0,0
BRDA:30,2,0,0
BRDA:36,3,0,0
BRDA:36,3,1,0
BRDA:43,4,0,0
BRDA:55,5,0,0
BRDA:66,6,0,0
BRDA:66,6,1,0
BRF:10
BRH:0
end_of_record
TN:
SF:src/components/modules/ModuleItem.tsx
FN:17,ModuleItem
FNF:1
FNH:0
FNDA:0,ModuleItem
DA:4,0
DA:5,0
DA:17,0
LF:3
LH:0
BRDA:22,0,0,0
BRDA:29,1,0,0
BRDA:29,1,1,0
BRDA:35,2,0,0
BRF:4
BRH:0
end_of_record
TN:
SF:src/components/modules/ModuleWorkspace.tsx
FN:19,StageToggle
FN:40,(anonymous_2)
FN:43,(anonymous_3)
FN:69,ModuleWorkspace
FN:79,(anonymous_5)
FN:96,(anonymous_6)
FN:101,(anonymous_7)
FN:105,(anonymous_8)
FN:106,(anonymous_9)
FN:144,(anonymous_10)
FN:166,(anonymous_11)
FN:179,(anonymous_12)
FNF:12
FNH:0
FNDA:0,StageToggle
FNDA:0,(anonymous_2)
FNDA:0,(anonymous_3)
FNDA:0,ModuleWorkspace
FNDA:0,(anonymous_5)
FNDA:0,(anonymous_6)
FNDA:0,(anonymous_7)
FNDA:0,(anonymous_8)
FNDA:0,(anonymous_9)
FNDA:0,(anonymous_10)
FNDA:0,(anonymous_11)
FNDA:0,(anonymous_12)
DA:3,0
DA:4,0
DA:6,0
DA:7,0
DA:8,0
DA:9,0
DA:13,0
DA:30,0
DA:31,0
DA:41,0
DA:43,0
DA:69,0
DA:70,0
DA:71,0
DA:72,0
DA:73,0
DA:74,0
DA:77,0
DA:79,0
DA:80,0
DA:81,0
DA:82,0
DA:83,0
DA:84,0
DA:85,0
DA:86,0
DA:90,0
DA:92,0
DA:96,0
DA:97,0
DA:100,0
DA:102,0
DA:103,0
DA:104,0
DA:105,0
DA:106,0
DA:108,0
DA:113,0
DA:145,0
DA:146,0
DA:147,0
DA:148,0
DA:167,0
DA:168,0
DA:179,0
LF:45
LH:0
BRDA:43,0,0,0
BRDA:43,0,1,0
BRDA:46,1,0,0
BRDA:46,1,1,0
BRDA:48,2,0,0
BRDA:48,2,1,0
BRDA:83,3,0,0
BRDA:85,4,0,0
BRDA:90,5,0,0
BRDA:90,5,1,0
BRDA:102,6,0,0
BRDA:103,7,0,0
BRDA:103,7,1,0
BRDA:103,7,2,0
BRDA:105,8,0,0
BRDA:105,8,1,0
BRDA:106,9,0,0
BRDA:106,9,1,0
BRDA:113,10,0,0
BRDA:113,10,1,0
BRDA:119,11,0,0
BRDA:129,12,0,0
BRDA:129,12,1,0
BRDA:135,13,0,0
BRDA:135,13,1,0
BRDA:139,14,0,0
BRDA:139,14,1,0
BRDA:139,15,0,0
BRDA:139,15,1,0
BRDA:142,16,0,0
BRDA:142,16,1,0
BRDA:148,17,0,0
BRDA:148,17,1,0
BRDA:161,18,0,0
BRDA:172,19,0,0
BRDA:180,20,0,0
BRDA:180,20,1,0
BRDA:183,21,0,0
BRF:38
BRH:0
end_of_record
TN:
SF:src/components/modules/OutputStage.tsx
FN:17,normalizeSectionContent
FN:24,(anonymous_2)
FN:30,OutputSection
FN:39,(anonymous_4)
FN:53,CitationsSection
FN:59,(anonymous_6)
FN:92,DocumentViewer
FN:118,(anonymous_8)
FN:137,(anonymous_9)
FN:139,(anonymous_10)
FN:148,OutputStage
FN:168,(anonymous_12)
FN:181,(anonymous_13)
FN:199,(anonymous_14)
FN:209,(anonymous_15)
FN:218,(anonymous_16)
FNF:16
FNH:0
FNDA:0,normalizeSectionContent
FNDA:0,(anonymous_2)
FNDA:0,OutputSection
FNDA:0,(anonymous_4)
FNDA:0,CitationsSection
FNDA:0,(anonymous_6)
FNDA:0,DocumentViewer
FNDA:0,(anonymous_8)
FNDA:0,(anonymous_9)
FNDA:0,(anonymous_10)
FNDA:0,OutputStage
FNDA:0,(anonymous_12)
FNDA:0,(anonymous_13)
FNDA:0,(anonymous_14)
FNDA:0,(anonymous_15)
FNDA:0,(anonymous_16)
DA:3,0
DA:4,0
DA:6,0
DA:7,0
DA:18,0
DA:19,0
DA:20,0
DA:22,0
DA:23,0
DA:24,0
DA:26,0
DA:27,0
DA:31,0
DA:32,0
DA:40,0
DA:54,0
DA:60,0
DA:99,0
DA:101,0
DA:119,0
DA:138,0
DA:139,0
DA:140,0
DA:148,0
DA:155,0
DA:156,0
DA:157,0
DA:158,0
DA:162,0
DA:163,0
DA:164,0
DA:165,0
DA:166,0
DA:168,0
DA:169,0
DA:170,0
DA:171,0
DA:172,0
DA:173,0
DA:175,0
DA:177,0
DA:181,0
DA:182,0
DA:183,0
DA:184,0
DA:185,0
DA:186,0
DA:187,0
DA:188,0
DA:189,0
DA:190,0
DA:192,0
DA:194,0
DA:199,0
DA:200,0
DA:201,0
DA:202,0
DA:203,0
DA:208,0
DA:209,0
DA:218,0
LF:61
LH:0
BRDA:18,0,0,0
BRDA:19,1,0,0
BRDA:20,2,0,0
BRDA:20,2,1,0
BRDA:22,3,0,0
BRDA:23,4,0,0
BRDA:27,5,0,0
BRDA:27,5,1,0
BRDA:32,6,0,0
BRDA:38,7,0,0
BRDA:54,8,0,0
BRDA:66,9,0,0
BRDA:66,9,1,0
BRDA:69,10,0,0
BRDA:69,10,1,0
BRDA:79,11,0,0
BRDA:79,11,1,0
BRDA:60,12,0,0
BRDA:60,12,1,0
BRDA:101,13,0,0
BRDA:112,14,0,0
BRDA:118,15,0,0
BRDA:118,15,1,0
BRDA:121,16,0,0
BRDA:121,16,1,0
BRDA:121,16,2,0
BRDA:122,17,0,0
BRDA:122,17,1,0
BRDA:122,17,2,0
BRDA:138,18,0,0
BRDA:138,19,0,0
BRDA:138,19,1,0
BRDA:138,19,2,0
BRDA:163,20,0,0
BRDA:163,20,1,0
BRDA:164,21,0,0
BRDA:164,21,1,0
BRDA:165,22,0,0
BRDA:165,22,1,0
BRDA:166,23,0,0
BRDA:166,23,1,0
BRDA:175,24,0,0
BRDA:175,24,1,0
BRDA:192,25,0,0
BRDA:192,25,1,0
BRDA:200,26,0,0
BRDA:201,27,0,0
BRDA:201,28,0,0
BRDA:201,28,1,0
BRDA:215,29,0,0
BRDA:223,30,0,0
BRDA:231,31,0,0
BRDA:231,31,1,0
BRDA:231,31,2,0
BRDA:235,32,0,0
BRDA:235,32,1,0
BRDA:242,33,0,0
BRDA:242,33,1,0
BRDA:246,34,0,0
BRDA:246,34,1,0
BRDA:246,35,0,0
BRDA:246,35,1,0
BRDA:254,36,0,0
BRF:63
BRH:0
end_of_record
TN:
SF:src/components/modules/SetupStage.tsx
FN:16,SetupStage
FN:26,(anonymous_2)
FN:28,(anonymous_3)
FN:36,(anonymous_4)
FN:41,(anonymous_5)
FN:49,(anonymous_6)
FN:54,(anonymous_7)
FN:56,(anonymous_8)
FN:61,(anonymous_9)
FN:75,(anonymous_10)
FN:76,(anonymous_11)
FN:104,(anonymous_12)
FN:129,(anonymous_13)
FN:130,(anonymous_14)
FN:133,(anonymous_15)
FN:143,(anonymous_16)
FN:144,(anonymous_17)
FN:145,(anonymous_18)
FN:155,(anonymous_19)
FN:156,(anonymous_20)
FN:157,(anonymous_21)
FN:166,(anonymous_22)
FNF:22
FNH:0
FNDA:0,SetupStage
FNDA:0,(anonymous_2)
FNDA:0,(anonymous_3)
FNDA:0,(anonymous_4)
FNDA:0,(anonymous_5)
FNDA:0,(anonymous_6)
FNDA:0,(anonymous_7)
FNDA:0,(anonymous_8)
FNDA:0,(anonymous_9)
FNDA:0,(anonymous_10)
FNDA:0,(anonymous_11)
FNDA:0,(anonymous_12)
FNDA:0,(anonymous_13)
FNDA:0,(anonymous_14)
FNDA:0,(anonymous_15)
FNDA:0,(anonymous_16)
FNDA:0,(anonymous_17)
FNDA:0,(anonymous_18)
FNDA:0,(anonymous_19)
FNDA:0,(anonymous_20)
FNDA:0,(anonymous_21)
FNDA:0,(anonymous_22)
DA:3,0
DA:4,0
DA:6,0
DA:16,0
DA:17,0
DA:18,0
DA:19,0
DA:20,0
DA:21,0
DA:22,0
DA:23,0
DA:26,0
DA:27,0
DA:28,0
DA:29,0
DA:30,0
DA:31,0
DA:36,0
DA:37,0
DA:38,0
DA:39,0
DA:40,0
DA:41,0
DA:43,0
DA:45,0
DA:49,0
DA:50,0
DA:51,0
DA:54,0
DA:55,0
DA:56,0
DA:57,0
DA:58,0
DA:61,0
DA:62,0
DA:63,0
DA:64,0
DA:65,0
DA:66,0
DA:68,0
DA:70,0
DA:74,0
DA:75,0
DA:76,0
DA:105,0
DA:106,0
DA:108,0
DA:129,0
DA:130,0
DA:134,0
DA:143,0
DA:144,0
DA:146,0
DA:155,0
DA:156,0
DA:158,0
DA:159,0
DA:166,0
LF:58
LH:0
BRDA:17,0,0,0
BRDA:17,0,1,0
BRDA:27,1,0,0
BRDA:29,2,0,0
BRDA:43,3,0,0
BRDA:43,3,1,0
BRDA:51,4,0,0
BRDA:51,4,1,0
BRDA:68,5,0,0
BRDA:68,5,1,0
BRDA:88,6,0,0
BRDA:95,7,0,0
BRDA:105,8,0,0
BRDA:105,8,1,0
BRDA:116,9,0,0
BRDA:124,10,0,0
BRDA:124,11,0,0
BRDA:124,11,1,0
BRDA:137,12,0,0
BRDA:137,12,1,0
BRDA:146,13,0,0
BRDA:158,14,0,0
BRDA:159,15,0,0
BRDA:171,16,0,0
BRDA:177,17,0,0
BRDA:177,17,1,0
BRDA:195,18,0,0
BRDA:195,18,1,0
BRDA:195,18,2,0
BRDA:199,19,0,0
BRDA:199,19,1,0
BRF:31
BRH:0
end_of_record
TN:
SF:src/components/modules/renderUtils.ts
FN:7,isCitationLike
FN:14,coerceDisplayString
FNF:2
FNH:0
FNDA:0,isCitationLike
FNDA:0,coerceDisplayString
DA:7,0
DA:8,0
DA:9,0
DA:10,0
DA:14,0
DA:15,0
DA:16,0
DA:17,0
DA:18,0
DA:19,0
DA:21,0
DA:23,0
DA:24,0
DA:25,0
DA:27,0
DA:28,0
DA:30,0
DA:31,0
DA:32,0
DA:33,0
DA:34,0
DA:35,0
DA:36,0
DA:38,0
DA:39,0
DA:41,0
LF:26
LH:0
BRDA:8,0,0,0
BRDA:8,1,0,0
BRDA:8,1,1,0
BRDA:8,1,2,0
BRDA:10,2,0,0
BRDA:10,2,1,0
BRDA:15,3,0,0
BRDA:16,4,0,0
BRDA:17,5,0,0
BRDA:17,6,0,0
BRDA:17,6,1,0
BRDA:18,7,0,0
BRDA:21,8,0,0
BRDA:21,8,1,0
BRDA:23,9,0,0
BRDA:23,9,1,0
BRDA:27,10,0,0
BRDA:30,11,0,0
BRDA:32,12,0,0
BRDA:33,13,0,0
BRDA:34,14,0,0
BRDA:35,15,0,0
BRDA:36,16,0,0
BRF:23
BRH:0
end_of_record
TN:
SF:src/components/modules/views/DetailNodeView.tsx
FN:23,DetailCard
FN:55,(anonymous_2)
FN:71,(anonymous_3)
FN:79,(anonymous_4)
FN:101,(anonymous_5)
FN:114,DetailNodeView
FN:121,(anonymous_7)
FN:125,(anonymous_8)
FNF:8
FNH:0
FNDA:0,DetailCard
FNDA:0,(anonymous_2)
FNDA:0,(anonymous_3)
FNDA:0,(anonymous_4)
FNDA:0,(anonymous_5)
FNDA:0,DetailNodeView
FNDA:0,(anonymous_7)
FNDA:0,(anonymous_8)
DA:3,0
DA:4,0
DA:6,0
DA:7,0
DA:9,0
DA:28,0
DA:29,0
DA:30,0
DA:31,0
DA:32,0
DA:34,0
DA:55,0
DA:72,0
DA:73,0
DA:74,0
DA:75,0
DA:80,0
DA:89,0
DA:102,0
DA:114,0
DA:115,0
DA:122,0
DA:125,0
LF:23
LH:0
BRDA:30,0,0,0
BRDA:30,0,1,0
BRDA:30,1,0,0
BRDA:30,1,1,0
BRDA:32,2,0,0
BRDA:32,2,1,0
BRDA:32,3,0,0
BRDA:32,3,1,0
BRDA:58,4,0,0
BRDA:61,5,0,0
BRDA:64,6,0,0
BRDA:69,7,0,0
BRDA:73,8,0,0
BRDA:74,9,0,0
BRDA:97,10,0,0
BRDA:97,10,1,0
BRDA:115,11,0,0
BRF:17
BRH:0
end_of_record
TN:
SF:src/components/modules/views/SimpleListView.tsx
FN:30,itemTitle
FN:33,(anonymous_2)
FN:38,StaticRow
FN:46,(anonymous_4)
FN:54,SortableRow
FN:68,(anonymous_6)
FN:79,SortableList
FN:87,(anonymous_8)
FN:95,(anonymous_9)
FN:98,(anonymous_10)
FN:99,(anonymous_11)
FN:102,(anonymous_12)
FN:107,(anonymous_13)
FN:109,(anonymous_14)
FN:123,SimpleListView
FN:131,(anonymous_16)
FNF:16
FNH:0
FNDA:0,itemTitle
FNDA:0,(anonymous_2)
FNDA:0,StaticRow
FNDA:0,(anonymous_4)
FNDA:0,SortableRow
FNDA:0,(anonymous_6)
FNDA:0,SortableList
FNDA:0,(anonymous_8)
FNDA:0,(anonymous_9)
FNDA:0,(anonymous_10)
FNDA:0,(anonymous_11)
FNDA:0,(anonymous_12)
FNDA:0,(anonymous_13)
FNDA:0,(anonymous_14)
FNDA:0,SimpleListView
FNDA:0,(anonymous_16)
DA:3,0
DA:11,0
DA:17,0
DA:18,0
DA:20,0
DA:21,0
DA:31,0
DA:33,0
DA:46,0
DA:60,0
DA:62,0
DA:68,0
DA:85,0
DA:86,0
DA:87,0
DA:88,0
DA:91,0
DA:95,0
DA:96,0
DA:97,0
DA:98,0
DA:99,0
DA:100,0
DA:101,0
DA:102,0
DA:107,0
DA:110,0
DA:123,0
DA:124,0
DA:128,0
DA:132,0
LF:31
LH:0
BRDA:32,0,0,0
BRDA:32,0,1,0
BRDA:32,0,2,0
BRDA:32,1,0,0
BRDA:32,1,1,0
BRDA:46,2,0,0
BRDA:46,2,1,0
BRDA:68,3,0,0
BRDA:68,3,1,0
BRDA:91,4,0,0
BRDA:97,5,0,0
BRDA:97,6,0,0
BRDA:97,6,1,0
BRDA:124,7,0,0
BRDA:128,8,0,0
BRF:15
BRH:0
end_of_record
TN:
SF:src/components/modules/views/StructuredListView.tsx
FN:30,itemName
FN:34,(anonymous_2)
FN:39,StaticRow
FN:47,(anonymous_4)
FN:55,SortableRow
FN:69,(anonymous_6)
FN:80,SortableList
FN:88,(anonymous_8)
FN:96,(anonymous_9)
FN:99,(anonymous_10)
FN:100,(anonymous_11)
FN:103,(anonymous_12)
FN:108,(anonymous_13)
FN:110,(anonymous_14)
FN:124,StructuredListView
FN:132,(anonymous_16)
FNF:16
FNH:0
FNDA:0,itemName
FNDA:0,(anonymous_2)
FNDA:0,StaticRow
FNDA:0,(anonymous_4)
FNDA:0,SortableRow
FNDA:0,(anonymous_6)
FNDA:0,SortableList
FNDA:0,(anonymous_8)
FNDA:0,(anonymous_9)
FNDA:0,(anonymous_10)
FNDA:0,(anonymous_11)
FNDA:0,(anonymous_12)
FNDA:0,(anonymous_13)
FNDA:0,(anonymous_14)
FNDA:0,StructuredListView
FNDA:0,(anonymous_16)
DA:3,0
DA:11,0
DA:17,0
DA:18,0
DA:20,0
DA:21,0
DA:31,0
DA:32,0
DA:34,0
DA:47,0
DA:61,0
DA:63,0
DA:69,0
DA:86,0
DA:87,0
DA:88,0
DA:89,0
DA:92,0
DA:96,0
DA:97,0
DA:98,0
DA:99,0
DA:100,0
DA:101,0
DA:102,0
DA:103,0
DA:108,0
DA:111,0
DA:124,0
DA:125,0
DA:129,0
DA:133,0
LF:32
LH:0
BRDA:33,0,0,0
BRDA:33,0,1,0
BRDA:33,0,2,0
BRDA:33,1,0,0
BRDA:33,1,1,0
BRDA:47,2,0,0
BRDA:47,2,1,0
BRDA:69,3,0,0
BRDA:69,3,1,0
BRDA:92,4,0,0
BRDA:98,5,0,0
BRDA:98,6,0,0
BRDA:98,6,1,0
BRDA:125,7,0,0
BRDA:129,8,0,0
BRF:15
BRH:0
end_of_record
TN:
SF:src/components/project-plan/DeepDivePanel.tsx
FN:25,InlineBold
FN:29,(anonymous_2)
FN:49,ClassificationBadge
FN:59,ItemTypeBadge
FN:74,DeepDivePanel
FN:87,(anonymous_6)
FN:88,(anonymous_7)
FN:92,(anonymous_8)
FN:96,(anonymous_9)
FN:202,(anonymous_10)
FN:228,(anonymous_11)
FN:245,(anonymous_12)
FN:252,(anonymous_13)
FN:253,(anonymous_14)
FN:264,(anonymous_15)
FN:273,(anonymous_16)
FN:280,(anonymous_17)
FN:281,(anonymous_18)
FNF:18
FNH:0
FNDA:0,InlineBold
FNDA:0,(anonymous_2)
FNDA:0,ClassificationBadge
FNDA:0,ItemTypeBadge
FNDA:0,DeepDivePanel
FNDA:0,(anonymous_6)
FNDA:0,(anonymous_7)
FNDA:0,(anonymous_8)
FNDA:0,(anonymous_9)
FNDA:0,(anonymous_10)
FNDA:0,(anonymous_11)
FNDA:0,(anonymous_12)
FNDA:0,(anonymous_13)
FNDA:0,(anonymous_14)
FNDA:0,(anonymous_15)
FNDA:0,(anonymous_16)
FNDA:0,(anonymous_17)
FNDA:0,(anonymous_18)
DA:3,0
DA:4,0
DA:6,0
DA:7,0
DA:8,0
DA:26,0
DA:30,0
DA:42,0
DA:50,0
DA:51,0
DA:60,0
DA:61,0
DA:62,0
DA:63,0
DA:74,0
DA:84,0
DA:87,0
DA:88,0
DA:89,0
DA:91,0
DA:92,0
DA:96,0
DA:97,0
DA:101,0
DA:203,0
DA:230,0
DA:231,0
DA:245,0
DA:252,0
DA:254,0
DA:259,0
DA:264,0
DA:273,0
DA:280,0
DA:282,0
LF:35
LH:0
BRDA:30,0,0,0
BRDA:30,0,1,0
BRDA:30,1,0,0
BRDA:30,1,1,0
BRDA:50,2,0,0
BRDA:50,2,1,0
BRDA:61,3,0,0
BRDA:61,3,1,0
BRDA:62,4,0,0
BRDA:62,4,1,0
BRDA:63,5,0,0
BRDA:63,5,1,0
BRDA:89,6,0,0
BRDA:101,7,0,0
BRDA:101,7,1,0
BRDA:146,8,0,0
BRDA:146,8,1,0
BRDA:146,8,2,0
BRDA:160,9,0,0
BRDA:167,10,0,0
BRDA:167,10,1,0
BRDA:180,11,0,0
BRDA:180,11,1,0
BRDA:184,12,0,0
BRDA:196,13,0,0
BRDA:222,14,0,0
BRDA:245,15,0,0
BRDA:245,16,0,0
BRDA:245,16,1,0
BRDA:252,17,0,0
BRDA:252,17,1,0
BRDA:256,18,0,0
BRDA:256,18,1,0
BRDA:264,19,0,0
BRDA:264,19,1,0
BRDA:273,20,0,0
BRDA:285,21,0,0
BRDA:292,22,0,0
BRDA:299,23,0,0
BRDA:311,24,0,0
BRDA:311,24,1,0
BRDA:323,25,0,0
BRDA:323,25,1,0
BRF:43
BRH:0
end_of_record
TN:
SF:src/components/project-plan/PillarColumn.tsx
FN:44,PillarIcon
FN:51,hexToRgba
FN:66,PillarColumn
FN:76,(anonymous_4)
FN:76,(anonymous_5)
FN:78,(anonymous_6)
FN:85,(anonymous_7)
FN:86,(anonymous_8)
FN:88,(anonymous_9)
FN:92,(anonymous_10)
FN:95,(anonymous_11)
FN:101,(anonymous_12)
FN:115,(anonymous_13)
FN:125,(anonymous_14)
FN:128,(anonymous_15)
FN:131,(anonymous_16)
FN:132,(anonymous_17)
FN:153,(anonymous_18)
FN:159,(anonymous_19)
FN:160,(anonymous_20)
FN:161,(anonymous_21)
FN:174,(anonymous_22)
FN:188,(anonymous_23)
FN:215,(anonymous_24)
FN:217,(anonymous_25)
FN:225,(anonymous_26)
FN:231,(anonymous_27)
FNF:27
FNH:0
FNDA:0,PillarIcon
FNDA:0,hexToRgba
FNDA:0,PillarColumn
FNDA:0,(anonymous_4)
FNDA:0,(anonymous_5)
FNDA:0,(anonymous_6)
FNDA:0,(anonymous_7)
FNDA:0,(anonymous_8)
FNDA:0,(anonymous_9)
FNDA:0,(anonymous_10)
FNDA:0,(anonymous_11)
FNDA:0,(anonymous_12)
FNDA:0,(anonymous_13)
FNDA:0,(anonymous_14)
FNDA:0,(anonymous_15)
FNDA:0,(anonymous_16)
FNDA:0,(anonymous_17)
FNDA:0,(anonymous_18)
FNDA:0,(anonymous_19)
FNDA:0,(anonymous_20)
FNDA:0,(anonymous_21)
FNDA:0,(anonymous_22)
FNDA:0,(anonymous_23)
FNDA:0,(anonymous_24)
FNDA:0,(anonymous_25)
FNDA:0,(anonymous_26)
FNDA:0,(anonymous_27)
DA:3,0
DA:13,0
DA:16,0
DA:34,0
DA:45,0
DA:49,0
DA:52,0
DA:53,0
DA:54,0
DA:55,0
DA:59,0
DA:62,0
DA:66,0
DA:67,0
DA:68,0
DA:69,0
DA:70,0
DA:71,0
DA:72,0
DA:73,0
DA:75,0
DA:76,0
DA:77,0
DA:78,0
DA:79,0
DA:80,0
DA:81,0
DA:83,0
DA:84,0
DA:85,0
DA:86,0
DA:88,0
DA:89,0
DA:90,0
DA:91,0
DA:92,0
DA:95,0
DA:96,0
DA:97,0
DA:98,0
DA:101,0
DA:102,0
DA:103,0
DA:104,0
DA:105,0
DA:106,0
DA:108,0
DA:109,0
DA:110,0
DA:111,0
DA:115,0
DA:116,0
DA:117,0
DA:118,0
DA:119,0
DA:120,0
DA:125,0
DA:128,0
DA:131,0
DA:132,0
DA:154,0
DA:159,0
DA:160,0
DA:161,0
DA:174,0
DA:188,0
DA:215,0
DA:217,0
DA:226,0
DA:227,0
DA:231,0
LF:71
LH:0
BRDA:45,0,0,0
BRDA:45,0,1,0
BRDA:45,0,2,0
BRDA:66,1,0,0
BRDA:66,2,0,0
BRDA:75,3,0,0
BRDA:75,3,1,0
BRDA:76,4,0,0
BRDA:76,4,1,0
BRDA:78,5,0,0
BRDA:78,5,1,0
BRDA:79,6,0,0
BRDA:79,6,1,0
BRDA:79,7,0,0
BRDA:79,7,1,0
BRDA:80,8,0,0
BRDA:80,8,1,0
BRDA:80,9,0,0
BRDA:80,9,1,0
BRDA:83,10,0,0
BRDA:83,10,1,0
BRDA:85,11,0,0
BRDA:85,11,1,0
BRDA:103,12,0,0
BRDA:103,13,0,0
BRDA:103,13,1,0
BRDA:103,13,2,0
BRDA:106,14,0,0
BRDA:106,14,1,0
BRDA:116,15,0,0
BRDA:116,15,1,0
BRDA:119,16,0,0
BRDA:142,17,0,0
BRDA:142,17,1,0
BRDA:143,18,0,0
BRDA:143,19,0,0
BRDA:143,19,1,0
BRDA:147,20,0,0
BRDA:152,21,0,0
BRDA:157,22,0,0
BRDA:157,22,1,0
BRDA:157,22,2,0
BRDA:157,22,3,0
BRDA:158,23,0,0
BRDA:158,23,1,0
BRDA:159,24,0,0
BRDA:159,24,1,0
BRDA:160,25,0,0
BRDA:160,25,1,0
BRDA:161,26,0,0
BRDA:161,26,1,0
BRDA:162,27,0,0
BRDA:162,27,1,0
BRDA:167,28,0,0
BRDA:167,28,1,0
BRDA:183,29,0,0
BRDA:183,29,1,0
BRDA:198,30,0,0
BRDA:198,30,1,0
BRDA:199,31,0,0
BRDA:199,31,1,0
BRDA:211,32,0,0
BRDA:211,32,1,0
BRDA:211,33,0,0
BRDA:211,33,1,0
BRDA:217,34,0,0
BRDA:223,35,0,0
BRDA:223,35,1,0
BRDA:231,36,0,0
BRDA:231,36,1,0
BRDA:232,37,0,0
BRDA:232,37,1,0
BRDA:238,38,0,0
BRDA:243,39,0,0
BRDA:243,39,1,0
BRDA:243,39,2,0
BRF:76
BRH:0
end_of_record
TN:
SF:src/components/project-plan/PlanSubItem.tsx
FN:40,PlanSubItem
FN:60,(anonymous_2)
FN:80,(anonymous_3)
FN:83,(anonymous_4)
FN:105,(anonymous_5)
FN:106,(anonymous_6)
FNF:6
FNH:0
FNDA:0,PlanSubItem
FNDA:0,(anonymous_2)
FNDA:0,(anonymous_3)
FNDA:0,(anonymous_4)
FNDA:0,(anonymous_5)
FNDA:0,(anonymous_6)
DA:1,0
DA:3,0
DA:26,0
DA:40,0
DA:41,0
DA:42,0
DA:43,0
DA:60,0
DA:80,0
DA:83,0
DA:105,0
DA:106,0
LF:12
LH:0
BRDA:40,0,0,0
BRDA:40,1,0,0
BRDA:40,2,0,0
BRDA:41,3,0,0
BRDA:41,3,1,0
BRDA:48,4,0,0
BRDA:51,5,0,0
BRDA:51,5,1,0
BRDA:57,6,0,0
BRDA:57,6,1,0
BRDA:58,7,0,0
BRDA:73,8,0,0
BRDA:73,8,1,0
BRDA:75,9,0,0
BRDA:75,9,1,0
BRDA:76,10,0,0
BRDA:76,10,1,0
BRDA:78,11,0,0
BRDA:78,11,1,0
BRDA:80,12,0,0
BRDA:80,12,1,0
BRDA:80,13,0,0
BRDA:80,13,1,0
BRDA:81,14,0,0
BRDA:81,14,1,0
BRDA:81,15,0,0
BRDA:81,15,1,0
BRDA:82,16,0,0
BRDA:82,16,1,0
BRDA:82,17,0,0
BRDA:82,17,1,0
BRDA:83,18,0,0
BRDA:83,18,1,0
BRDA:83,19,0,0
BRDA:83,19,1,0
BRDA:83,20,0,0
BRDA:83,21,0,0
BRDA:83,21,1,0
BRDA:84,22,0,0
BRDA:84,22,1,0
BRDA:89,23,0,0
BRDA:89,23,1,0
BRDA:97,24,0,0
BRDA:97,24,1,0
BRDA:107,25,0,0
BRDA:107,25,1,0
BRDA:111,26,0,0
BRDA:111,26,1,0
BRDA:115,27,0,0
BRF:49
BRH:0
end_of_record
TN:
SF:src/components/project-plan/ProjectPlanView.tsx
FN:72,ProjectPlanView
FN:96,(anonymous_5)
FN:98,(anonymous_6)
FN:99,(anonymous_7)
FN:100,(anonymous_8)
FN:105,(anonymous_9)
FN:121,(anonymous_10)
FN:138,(anonymous_11)
FN:144,(anonymous_12)
FN:148,(anonymous_13)
FN:164,(anonymous_14)
FN:170,(anonymous_15)
FN:173,(anonymous_16)
FN:181,(anonymous_17)
FN:184,(anonymous_18)
FN:190,(anonymous_19)
FN:195,(anonymous_20)
FN:197,(anonymous_21)
FN:202,(anonymous_22)
FN:207,(anonymous_23)
FN:234,(anonymous_24)
FN:235,(anonymous_25)
FN:243,(anonymous_26)
FN:253,(anonymous_27)
FN:260,(anonymous_28)
FN:269,(anonymous_29)
FN:274,(anonymous_30)
FN:276,(anonymous_31)
FN:277,(anonymous_32)
FN:298,(anonymous_33)
FN:304,(anonymous_34)
FN:309,(anonymous_35)
FN:312,(anonymous_36)
FN:313,(anonymous_37)
FN:315,(anonymous_38)
FN:322,(anonymous_39)
FN:326,(anonymous_40)
FN:345,(anonymous_41)
FN:346,handleClickOutside
FN:353,(anonymous_43)
FN:357,(anonymous_44)
FN:358,handleClickOutside
FN:365,(anonymous_46)
FN:369,(anonymous_47)
FN:370,(anonymous_48)
FN:371,(anonymous_49)
FN:371,(anonymous_50)
FN:376,(anonymous_51)
FN:384,(anonymous_52)
FN:387,(anonymous_53)
FN:391,(anonymous_54)
FN:399,(anonymous_55)
FN:436,(anonymous_56)
FN:437,(anonymous_57)
FN:439,(anonymous_58)
FN:439,(anonymous_59)
FN:456,(anonymous_60)
FN:458,(anonymous_61)
FN:458,(anonymous_62)
FN:463,(anonymous_63)
FN:465,(anonymous_64)
FN:500,(anonymous_65)
FN:502,(anonymous_66)
FN:504,(anonymous_67)
FN:516,(anonymous_68)
FN:516,(anonymous_69)
FN:524,(anonymous_70)
FN:531,(anonymous_71)
FN:540,(anonymous_72)
FN:543,(anonymous_73)
FN:564,(anonymous_74)
FN:564,(anonymous_75)
FN:582,(anonymous_76)
FN:585,(anonymous_77)
FN:603,(anonymous_78)
FN:606,(anonymous_79)
FN:626,(anonymous_80)
FN:628,(anonymous_81)
FN:629,(anonymous_82)
FN:630,(anonymous_83)
FN:635,(anonymous_84)
FN:640,(anonymous_85)
FN:645,(anonymous_86)
FN:646,(anonymous_87)
FN:653,(anonymous_88)
FN:664,(anonymous_89)
FN:668,(anonymous_90)
FN:678,(anonymous_91)
FN:679,(anonymous_92)
FN:685,(anonymous_93)
FN:756,PhaseSection
FN:771,(anonymous_95)
FN:775,(anonymous_96)
FN:779,(anonymous_97)
FN:783,(anonymous_98)
FN:786,(anonymous_99)
FN:791,(anonymous_100)
FN:804,(anonymous_101)
FN:810,(anonymous_102)
FN:812,(anonymous_103)
FN:820,(anonymous_104)
FN:847,(anonymous_105)
FN:852,(anonymous_106)
FN:853,(anonymous_107)
FN:879,(anonymous_108)
FN:881,(anonymous_109)
FN:888,(anonymous_110)
FN:895,(anonymous_111)
FNF:108
FNH:0
FNDA:0,ProjectPlanView
FNDA:0,(anonymous_5)
FNDA:0,(anonymous_6)
FNDA:0,(anonymous_7)
FNDA:0,(anonymous_8)
FNDA:0,(anonymous_9)
FNDA:0,(anonymous_10)
FNDA:0,(anonymous_11)
FNDA:0,(anonymous_12)
FNDA:0,(anonymous_13)
FNDA:0,(anonymous_14)
FNDA:0,(anonymous_15)
FNDA:0,(anonymous_16)
FNDA:0,(anonymous_17)
FNDA:0,(anonymous_18)
FNDA:0,(anonymous_19)
FNDA:0,(anonymous_20)
FNDA:0,(anonymous_21)
FNDA:0,(anonymous_22)
FNDA:0,(anonymous_23)
FNDA:0,(anonymous_24)
FNDA:0,(anonymous_25)
FNDA:0,(anonymous_26)
FNDA:0,(anonymous_27)
FNDA:0,(anonymous_28)
FNDA:0,(anonymous_29)
FNDA:0,(anonymous_30)
FNDA:0,(anonymous_31)
FNDA:0,(anonymous_32)
FNDA:0,(anonymous_33)
FNDA:0,(anonymous_34)
FNDA:0,(anonymous_35)
FNDA:0,(anonymous_36)
FNDA:0,(anonymous_37)
FNDA:0,(anonymous_38)
FNDA:0,(anonymous_39)
FNDA:0,(anonymous_40)
FNDA:0,(anonymous_41)
FNDA:0,handleClickOutside
FNDA:0,(anonymous_43)
FNDA:0,(anonymous_44)
FNDA:0,handleClickOutside
FNDA:0,(anonymous_46)
FNDA:0,(anonymous_47)
FNDA:0,(anonymous_48)
FNDA:0,(anonymous_49)
FNDA:0,(anonymous_50)
FNDA:0,(anonymous_51)
FNDA:0,(anonymous_52)
FNDA:0,(anonymous_53)
FNDA:0,(anonymous_54)
FNDA:0,(anonymous_55)
FNDA:0,(anonymous_56)
FNDA:0,(anonymous_57)
FNDA:0,(anonymous_58)
FNDA:0,(anonymous_59)
FNDA:0,(anonymous_60)
FNDA:0,(anonymous_61)
FNDA:0,(anonymous_62)
FNDA:0,(anonymous_63)
FNDA:0,(anonymous_64)
FNDA:0,(anonymous_65)
FNDA:0,(anonymous_66)
FNDA:0,(anonymous_67)
FNDA:0,(anonymous_68)
FNDA:0,(anonymous_69)
FNDA:0,(anonymous_70)
FNDA:0,(anonymous_71)
FNDA:0,(anonymous_72)
FNDA:0,(anonymous_73)
FNDA:0,(anonymous_74)
FNDA:0,(anonymous_75)
FNDA:0,(anonymous_76)
FNDA:0,(anonymous_77)
FNDA:0,(anonymous_78)
FNDA:0,(anonymous_79)
FNDA:0,(anonymous_80)
FNDA:0,(anonymous_81)
FNDA:0,(anonymous_82)
FNDA:0,(anonymous_83)
FNDA:0,(anonymous_84)
FNDA:0,(anonymous_85)
FNDA:0,(anonymous_86)
[...]
end_of_record
TN:
SF:src/lib/auth.tsx
FN:20,AuthProvider
FN:25,(anonymous_7)
FN:31,(anonymous_8)
FN:33,(anonymous_9)
FN:34,(anonymous_10)
FN:39,(anonymous_11)
FN:51,(anonymous_12)
FN:56,(anonymous_13)
FN:58,(anonymous_14)
FN:62,(anonymous_15)
FN:64,(anonymous_16)
FN:68,(anonymous_17)
FN:70,(anonymous_18)
FN:75,(anonymous_19)
FN:77,(anonymous_20)
FN:81,(anonymous_21)
FN:83,(anonymous_22)
FN:87,(anonymous_23)
FN:92,(anonymous_24)
FN:110,useAuth
FNF:20
FNH:0
FNDA:0,AuthProvider
FNDA:0,(anonymous_7)
FNDA:0,(anonymous_8)
FNDA:0,(anonymous_9)
FNDA:0,(anonymous_10)
FNDA:0,(anonymous_11)
FNDA:0,(anonymous_12)
FNDA:0,(anonymous_13)
FNDA:0,(anonymous_14)
FNDA:0,(anonymous_15)
FNDA:0,(anonymous_16)
FNDA:0,(anonymous_17)
FNDA:0,(anonymous_18)
FNDA:0,(anonymous_19)
FNDA:0,(anonymous_20)
FNDA:0,(anonymous_21)
FNDA:0,(anonymous_22)
FNDA:0,(anonymous_23)
FNDA:0,(anonymous_24)
FNDA:0,useAuth
DA:3,0
DA:17,0
DA:20,0
DA:21,0
DA:22,0
DA:23,0
DA:25,0
DA:27,0
DA:31,0
DA:32,0
DA:33,0
DA:34,0
DA:36,0
DA:37,0
DA:39,0
DA:40,0
DA:41,0
DA:44,0
DA:45,0
DA:49,0
DA:51,0
DA:52,0
DA:56,0
DA:57,0
DA:58,0
DA:59,0
DA:62,0
DA:63,0
DA:64,0
DA:65,0
DA:68,0
DA:69,0
DA:70,0
DA:71,0
DA:72,0
DA:75,0
DA:76,0
DA:77,0
DA:78,0
DA:81,0
DA:82,0
DA:83,0
DA:84,0
DA:87,0
DA:88,0
DA:89,0
DA:92,0
DA:110,0
DA:111,0
DA:112,0
DA:113,0
DA:115,0
LF:52
LH:0
BRDA:27,0,0,0
BRDA:52,1,0,0
BRDA:57,2,0,0
BRDA:63,3,0,0
BRDA:69,4,0,0
BRDA:76,5,0,0
BRDA:82,6,0,0
BRDA:88,7,0,0
BRDA:112,8,0,0
BRF:9
BRH:0
end_of_record
TN:
SF:src/lib/fileUtils.ts
FN:5,collectFiles
FN:7,(anonymous_8)
FN:9,(anonymous_9)
FN:10,(anonymous_10)
FN:21,(anonymous_11)
FN:22,(anonymous_12)
FN:38,extractFilesFromDrop
FN:45,(anonymous_14)
FN:46,(anonymous_15)
FN:66,filterSupportedFiles
FN:88,deduplicateFilename
FN:92,(anonymous_18)
FN:119,checkDuplicates
FN:123,(anonymous_20)
FN:128,(anonymous_21)
FNF:15
FNH:0
FNDA:0,collectFiles
FNDA:0,(anonymous_8)
FNDA:0,(anonymous_9)
FNDA:0,(anonymous_10)
FNDA:0,(anonymous_11)
FNDA:0,(anonymous_12)
FNDA:0,extractFilesFromDrop
FNDA:0,(anonymous_14)
FNDA:0,(anonymous_15)
FNDA:0,filterSupportedFiles
FNDA:0,deduplicateFilename
FNDA:0,(anonymous_18)
FNDA:0,checkDuplicates
FNDA:0,(anonymous_20)
FNDA:0,(anonymous_21)
DA:6,0
DA:7,0
DA:8,0
DA:9,0
DA:10,0
DA:15,0
DA:16,0
DA:17,0
DA:20,0
DA:21,0
DA:22,0
DA:24,0
DA:27,0
DA:28,0
DA:31,0
DA:38,0
DA:41,0
DA:43,0
DA:44,0
DA:45,0
DA:46,0
DA:48,0
DA:49,0
DA:52,0
DA:56,0
DA:63,0
DA:66,0
DA:70,0
DA:71,0
DA:73,0
DA:74,0
DA:75,0
DA:77,0
DA:81,0
DA:88,0
DA:92,0
DA:93,0
DA:95,0
DA:96,0
DA:97,0
DA:99,0
DA:101,0
DA:102,0
DA:103,0
DA:106,0
DA:119,0
DA:123,0
DA:124,0
DA:126,0
DA:127,0
DA:128,0
DA:129,0
DA:130,0
DA:133,0
LF:54
LH:0
BRDA:6,0,0,0
BRDA:15,1,0,0
BRDA:41,2,0,0
BRDA:41,2,1,0
BRDA:43,3,0,0
BRDA:43,4,0,0
BRDA:43,4,1,0
BRDA:74,5,0,0
BRDA:74,5,1,0
BRDA:93,6,0,0
BRDA:96,7,0,0
BRDA:96,7,1,0
BRDA:97,8,0,0
BRDA:97,8,1,0
BRF:14
BRH:0
end_of_record
TN:
SF:src/lib/firebase.ts
FNF:0
FNH:0
DA:1,0
DA:3,0
DA:15,0
DA:16,0
DA:18,0
DA:21,0
LF:6
LH:0
BRDA:15,0,0,0
BRDA:15,0,1,0
BRF:2
BRH:0
end_of_record
TN:
SF:src/lib/googlePicker.ts
FN:21,openGooglePicker
FN:31,(anonymous_2)
FN:33,(anonymous_3)
FN:48,(anonymous_4)
FN:52,(anonymous_5)
FNF:5
FNH:0
FNDA:0,openGooglePicker
FNDA:0,(anonymous_2)
FNDA:0,(anonymous_3)
FNDA:0,(anonymous_4)
FNDA:0,(anonymous_5)
DA:8,0
DA:21,0
DA:26,0
DA:28,0
DA:29,0
DA:31,0
DA:33,0
DA:35,0
DA:37,0
DA:43,0
DA:49,0
DA:50,0
DA:51,0
DA:52,0
DA:58,0
DA:59,0
DA:65,0
DA:70,0
DA:71,0
DA:73,0
DA:74,0
DA:75,0
DA:76,0
LF:23
LH:0
BRDA:26,0,0,0
BRDA:28,1,0,0
BRDA:28,1,1,0
BRDA:29,2,0,0
BRDA:29,2,1,0
BRDA:49,3,0,0
BRDA:49,3,1,0
BRDA:58,4,0,0
BRDA:70,5,0,0
BRDA:70,5,1,0
BRF:10
BRH:0
end_of_record
TN:
SF:src/lib/icons.tsx
FN:249,getIconByName
FNF:1
FNH:0
FNDA:0,getIconByName
DA:114,0
DA:121,0
DA:249,0
DA:250,0
DA:251,0
DA:255,0
LF:6
LH:0
BRDA:250,0,0,0
BRDA:251,1,0,0
BRDA:251,1,1,0
BRF:3
BRH:0
end_of_record
TN:
SF:src/lib/sanitizeHref.ts
FN:1,sanitizeHref
FNF:1
FNH:0
FNDA:0,sanitizeHref
DA:1,0
DA:2,0
DA:3,0
DA:4,0
DA:5,0
DA:7,0
LF:6
LH:0
BRDA:2,0,0,0
BRDA:4,1,0,0
BRDA:4,2,0,0
BRDA:4,2,1,0
BRDA:4,2,2,0
BRF:5
BRH:0
end_of_record
TN:
SF:src/stores/billingStore.ts
FN:24,(anonymous_1)
FN:38,(anonymous_2)
FN:63,(anonymous_3)
FN:77,(anonymous_4)
FN:78,(anonymous_5)
FNF:5
FNH:0
FNDA:0,(anonymous_1)
FNDA:0,(anonymous_2)
FNDA:0,(anonymous_3)
FNDA:0,(anonymous_4)
FNDA:0,(anonymous_5)
DA:1,0
DA:2,0
DA:24,0
DA:39,0
DA:40,0
DA:41,0
DA:42,0
DA:43,0
DA:44,0
DA:45,0
DA:57,0
DA:59,0
DA:64,0
DA:65,0
DA:66,0
DA:67,0
DA:68,0
DA:70,0
DA:72,0
DA:73,0
DA:77,0
DA:78,0
LF:22
LH:0
BRDA:39,0,0,0
BRDA:43,1,0,0
BRDA:43,1,1,0
BRDA:44,2,0,0
BRDA:44,2,1,0
BRDA:47,3,0,0
BRDA:47,3,1,0
BRDA:50,4,0,0
BRDA:50,4,1,0
BRDA:51,5,0,0
BRDA:51,5,1,0
BRDA:52,6,0,0
BRDA:52,6,1,0
BRDA:53,7,0,0
BRDA:53,7,1,0
BRDA:66,8,0,0
BRDA:72,9,0,0
BRDA:72,9,1,0
BRDA:77,10,0,0
BRDA:77,10,1,0
BRF:20
BRH:0
end_of_record
TN:
SF:src/stores/chatStore.ts
FN:53,buildModelInputsContext
FN:93,(anonymous_2)
FN:103,nextId
FN:118,(anonymous_4)
FN:124,(anonymous_5)
FN:132,(anonymous_6)
FN:133,(anonymous_7)
FN:154,(anonymous_8)
FN:167,(anonymous_9)
FN:174,(anonymous_10)
FN:187,(anonymous_11)
FN:195,(anonymous_12)
FN:199,(anonymous_13)
FN:203,(anonymous_14)
FN:226,(anonymous_15)
FN:228,(anonymous_16)
FN:241,(anonymous_17)
FN:251,(anonymous_18)
FN:267,(anonymous_19)
FN:269,(anonymous_20)
FN:275,(anonymous_21)
FN:277,(anonymous_22)
FN:280,(anonymous_23)
FN:287,(anonymous_24)
FN:288,(anonymous_25)
FN:292,(anonymous_26)
FN:295,(anonymous_27)
FN:297,(anonymous_28)
FN:304,(anonymous_29)
FN:305,(anonymous_30)
FN:306,(anonymous_31)
FN:314,(anonymous_32)
FNF:32
FNH:0
FNDA:0,buildModelInputsContext
FNDA:0,(anonymous_2)
FNDA:0,nextId
FNDA:0,(anonymous_4)
FNDA:0,(anonymous_5)
FNDA:0,(anonymous_6)
FNDA:0,(anonymous_7)
FNDA:0,(anonymous_8)
FNDA:0,(anonymous_9)
FNDA:0,(anonymous_10)
FNDA:0,(anonymous_11)
FNDA:0,(anonymous_12)
FNDA:0,(anonymous_13)
FNDA:0,(anonymous_14)
FNDA:0,(anonymous_15)
FNDA:0,(anonymous_16)
FNDA:0,(anonymous_17)
FNDA:0,(anonymous_18)
FNDA:0,(anonymous_19)
FNDA:0,(anonymous_20)
FNDA:0,(anonymous_21)
FNDA:0,(anonymous_22)
FNDA:0,(anonymous_23)
FNDA:0,(anonymous_24)
FNDA:0,(anonymous_25)
FNDA:0,(anonymous_26)
FNDA:0,(anonymous_27)
FNDA:0,(anonymous_28)
FNDA:0,(anonymous_29)
FNDA:0,(anonymous_30)
FNDA:0,(anonymous_31)
FNDA:0,(anonymous_32)
DA:1,0
DA:2,0
DA:3,0
DA:54,0
DA:55,0
DA:56,0
DA:57,0
DA:58,0
DA:59,0
DA:60,0
DA:62,0
DA:63,0
DA:65,0
DA:66,0
DA:68,0
DA:71,0
DA:72,0
DA:73,0
DA:74,0
DA:75,0
DA:76,0
DA:77,0
DA:78,0
DA:79,0
DA:80,0
DA:81,0
DA:82,0
DA:83,0
DA:84,0
DA:85,0
DA:86,0
DA:87,0
DA:88,0
DA:89,0
DA:91,0
DA:92,0
DA:93,0
DA:94,0
DA:96,0
DA:99,0
DA:102,0
DA:104,0
DA:105,0
DA:108,0
DA:118,0
DA:125,0
DA:126,0
DA:128,0
DA:130,0
DA:131,0
DA:132,0
DA:136,0
DA:137,0
DA:143,0
DA:152,0
DA:154,0
DA:159,0
DA:161,0
DA:163,0
DA:164,0
DA:165,0
DA:167,0
DA:168,0
DA:169,0
DA:170,0
DA:171,0
DA:172,0
DA:173,0
DA:174,0
DA:175,0
DA:176,0
DA:177,0
DA:178,0
DA:179,0
DA:180,0
DA:183,0
DA:187,0
DA:188,0
DA:191,0
DA:192,0
DA:196,0
DA:197,0
DA:200,0
DA:201,0
DA:204,0
DA:205,0
DA:206,0
DA:208,0
DA:214,0
DA:226,0
DA:229,0
DA:239,0
DA:240,0
DA:241,0
DA:242,0
DA:245,0
DA:252,0
DA:259,0
DA:268,0
DA:269,0
DA:270,0
DA:271,0
DA:272,0
DA:276,0
DA:277,0
DA:278,0
DA:279,0
DA:280,0
DA:281,0
DA:282,0
DA:283,0
DA:284,0
DA:288,0
DA:292,0
DA:293,0
DA:294,0
DA:295,0
DA:296,0
DA:297,0
DA:305,0
DA:307,0
DA:315,0
LF:122
LH:0
BRDA:59,0,0,0
BRDA:59,1,0,0
BRDA:59,1,1,0
BRDA:59,1,2,0
BRDA:59,1,3,0
BRDA:62,2,0,0
BRDA:62,3,0,0
BRDA:62,3,1,0
BRDA:62,3,2,0
BRDA:62,3,3,0
BRDA:65,4,0,0
BRDA:65,5,0,0
BRDA:65,5,1,0
BRDA:65,5,2,0
BRDA:65,5,3,0
BRDA:68,6,0,0
BRDA:68,7,0,0
BRDA:68,7,1,0
BRDA:68,7,2,0
BRDA:73,8,0,0
BRDA:75,9,0,0
BRDA:79,10,0,0
BRDA:79,10,1,0
BRDA:80,11,0,0
BRDA:80,11,1,0
BRDA:81,12,0,0
BRDA:81,12,1,0
BRDA:82,13,0,0
BRDA:82,13,1,0
BRDA:83,14,0,0
BRDA:83,14,1,0
BRDA:84,15,0,0
BRDA:84,15,1,0
BRDA:85,16,0,0
BRDA:85,16,1,0
BRDA:85,16,2,0
BRDA:85,16,3,0
BRDA:87,17,0,0
BRDA:88,18,0,0
BRDA:92,19,0,0
BRDA:92,20,0,0
BRDA:92,20,1,0
BRDA:93,21,0,0
BRDA:93,21,1,0
BRDA:99,22,0,0
BRDA:99,22,1,0
BRDA:126,23,0,0
BRDA:130,24,0,0
BRDA:132,25,0,0
BRDA:171,26,0,0
BRDA:171,27,0,0
BRDA:171,27,1,0
BRDA:172,28,0,0
BRDA:172,28,1,0
BRDA:173,29,0,0
BRDA:173,29,1,0
BRDA:175,30,0,0
BRDA:175,30,1,0
BRDA:177,31,0,0
BRDA:179,32,0,0
BRDA:179,32,1,0
BRDA:179,33,0,0
BRDA:179,33,1,0
BRDA:188,34,0,0
BRDA:204,35,0,0
BRDA:222,36,0,0
BRDA:222,36,1,0
BRDA:223,37,0,0
BRDA:223,37,1,0
BRDA:229,38,0,0
BRDA:229,38,1,0
BRDA:240,39,0,0
BRDA:240,40,0,0
BRDA:240,40,1,0
BRDA:261,41,0,0
BRDA:261,41,1,0
BRDA:270,42,0,0
BRDA:278,43,0,0
BRDA:278,44,0,0
BRDA:278,44,1,0
BRDA:281,45,0,0
BRDA:294,46,0,0
BRDA:307,47,0,0
BRDA:307,47,1,0
BRDA:307,48,0,0
BRDA:307,48,1,0
BRF:86
BRH:0
end_of_record
TN:
SF:src/stores/chatTabsStore.ts
FN:48,makeDefaultGroup
FN:56,patchGroup
FN:67,(anonymous_5)
FN:70,(anonymous_6)
FN:74,(anonymous_7)
FN:79,(anonymous_8)
FN:80,(anonymous_9)
FN:80,(anonymous_10)
FN:82,(anonymous_11)
FN:84,(anonymous_12)
FN:85,(anonymous_13)
FN:96,(anonymous_14)
FN:97,(anonymous_15)
FN:98,(anonymous_16)
FN:99,(anonymous_17)
FN:102,(anonymous_18)
FN:141,(anonymous_19)
FN:142,(anonymous_20)
FN:143,(anonymous_21)
FN:144,(anonymous_22)
FN:156,(anonymous_23)
FN:161,(anonymous_24)
FN:162,(anonymous_25)
FN:163,(anonymous_26)
FN:164,(anonymous_27)
FN:168,(anonymous_28)
FN:169,(anonymous_29)
FN:170,(anonymous_30)
FN:171,(anonymous_31)
FN:175,(anonymous_32)
FN:176,(anonymous_33)
FN:177,(anonymous_34)
FN:178,(anonymous_35)
FN:184,(anonymous_36)
FN:185,(anonymous_37)
FN:186,(anonymous_38)
FN:187,(anonymous_39)
FN:189,(anonymous_40)
FN:195,(anonymous_41)
FN:196,(anonymous_42)
FN:197,(anonymous_43)
FN:198,(anonymous_44)
FN:200,(anonymous_45)
FN:206,(anonymous_46)
FN:215,(anonymous_47)
FN:216,(anonymous_48)
FN:224,(anonymous_49)
FN:226,(anonymous_50)
FN:230,(anonymous_51)
FNF:49
FNH:0
FNDA:0,makeDefaultGroup
FNDA:0,patchGroup
FNDA:0,(anonymous_5)
FNDA:0,(anonymous_6)
FNDA:0,(anonymous_7)
FNDA:0,(anonymous_8)
FNDA:0,(anonymous_9)
FNDA:0,(anonymous_10)
FNDA:0,(anonymous_11)
FNDA:0,(anonymous_12)
FNDA:0,(anonymous_13)
FNDA:0,(anonymous_14)
FNDA:0,(anonymous_15)
FNDA:0,(anonymous_16)
FNDA:0,(anonymous_17)
FNDA:0,(anonymous_18)
FNDA:0,(anonymous_19)
FNDA:0,(anonymous_20)
FNDA:0,(anonymous_21)
FNDA:0,(anonymous_22)
FNDA:0,(anonymous_23)
FNDA:0,(anonymous_24)
FNDA:0,(anonymous_25)
FNDA:0,(anonymous_26)
FNDA:0,(anonymous_27)
FNDA:0,(anonymous_28)
FNDA:0,(anonymous_29)
FNDA:0,(anonymous_30)
FNDA:0,(anonymous_31)
FNDA:0,(anonymous_32)
FNDA:0,(anonymous_33)
FNDA:0,(anonymous_34)
FNDA:0,(anonymous_35)
FNDA:0,(anonymous_36)
FNDA:0,(anonymous_37)
FNDA:0,(anonymous_38)
FNDA:0,(anonymous_39)
FNDA:0,(anonymous_40)
FNDA:0,(anonymous_41)
FNDA:0,(anonymous_42)
FNDA:0,(anonymous_43)
FNDA:0,(anonymous_44)
FNDA:0,(anonymous_45)
FNDA:0,(anonymous_46)
FNDA:0,(anonymous_47)
FNDA:0,(anonymous_48)
FNDA:0,(anonymous_49)
FNDA:0,(anonymous_50)
FNDA:0,(anonymous_51)
DA:1,0
DA:2,0
DA:46,0
DA:49,0
DA:61,0
DA:62,0
DA:65,0
DA:67,0
DA:71,0
DA:72,0
DA:73,0
DA:74,0
DA:76,0
DA:80,0
DA:83,0
DA:84,0
DA:85,0
DA:93,0
DA:97,0
DA:98,0
DA:99,0
DA:100,0
DA:102,0
DA:106,0
DA:110,0
DA:112,0
DA:118,0
DA:119,0
DA:121,0
DA:131,0
DA:142,0
DA:143,0
DA:144,0
DA:145,0
DA:146,0
DA:153,0
DA:156,0
DA:162,0
DA:163,0
DA:164,0
DA:169,0
DA:170,0
DA:171,0
DA:176,0
DA:177,0
DA:179,0
DA:185,0
DA:186,0
DA:188,0
DA:189,0
DA:196,0
DA:197,0
DA:199,0
DA:200,0
DA:207,0
DA:208,0
DA:215,0
DA:216,0
DA:224,0
DA:226,0
DA:230,0
LF:61
LH:0
BRDA:61,0,0,0
BRDA:61,0,1,0
BRDA:72,1,0,0
BRDA:100,2,0,0
BRDA:106,3,0,0
BRDA:106,3,1,0
BRDA:110,4,0,0
BRDA:110,4,1,0
BRDA:112,5,0,0
BRDA:112,5,1,0
BRDA:113,6,0,0
BRDA:113,6,1,0
BRDA:115,7,0,0
BRDA:115,7,1,0
BRDA:115,8,0,0
BRDA:115,8,1,0
BRDA:118,9,0,0
BRDA:118,9,1,0
BRDA:121,10,0,0
BRDA:121,10,1,0
BRDA:134,11,0,0
BRDA:134,11,1,0
BRDA:145,12,0,0
BRDA:171,13,0,0
BRDA:171,13,1,0
BRDA:179,14,0,0
BRDA:179,14,1,0
BRDA:188,15,0,0
BRDA:188,15,1,0
BRDA:189,16,0,0
BRDA:189,16,1,0
BRDA:199,17,0,0
BRDA:199,17,1,0
BRDA:207,18,0,0
BRDA:230,19,0,0
BRDA:230,19,1,0
BRF:36
BRH:0
end_of_record
TN:
SF:src/stores/googleDriveStore.ts
FN:15,(anonymous_1)
FN:20,(anonymous_2)
FN:29,(anonymous_3)
FN:34,(anonymous_4)
FN:39,(anonymous_5)
FNF:5
FNH:0
FNDA:0,(anonymous_1)
FNDA:0,(anonymous_2)
FNDA:0,(anonymous_3)
FNDA:0,(anonymous_4)
FNDA:0,(anonymous_5)
DA:1,0
DA:2,0
DA:15,0
DA:21,0
DA:22,0
DA:23,0
DA:25,0
DA:30,0
DA:31,0
DA:35,0
DA:36,0
DA:40,0
DA:41,0
LF:13
LH:0
BRDA:23,0,0,0
BRDA:23,0,1,0
BRF:2
BRH:0
end_of_record
TN:
SF:src/stores/initiativeStore.ts
FN:76,(anonymous_1)
FN:98,(anonymous_2)
FN:101,(anonymous_3)
FN:119,(anonymous_4)
FN:138,(anonymous_5)
FN:148,(anonymous_6)
FN:158,(anonymous_7)
FN:170,(anonymous_8)
FN:181,(anonymous_9)
FN:183,(anonymous_10)
FN:186,(anonymous_11)
FN:187,(anonymous_12)
FN:192,(anonymous_13)
FN:193,(anonymous_14)
FN:206,(anonymous_15)
FN:216,(anonymous_16)
FN:219,(anonymous_17)
FN:229,(anonymous_18)
FN:234,(anonymous_19)
FN:246,(anonymous_20)
FN:257,(anonymous_21)
FN:296,(anonymous_22)
FN:304,(anonymous_23)
FN:307,(anonymous_24)
FN:308,(anonymous_25)
FN:317,(anonymous_26)
FN:321,(anonymous_27)
FN:346,(anonymous_28)
FN:347,(anonymous_29)
FN:356,(anonymous_30)
FN:371,(anonymous_31)
FN:385,(anonymous_32)
FN:388,(anonymous_33)
FN:394,(anonymous_34)
FN:417,(anonymous_35)
FN:419,(anonymous_36)
FN:424,(anonymous_37)
FN:426,(anonymous_38)
FN:434,(anonymous_39)
FN:435,(anonymous_40)
FN:442,(anonymous_41)
FN:456,(anonymous_42)
FN:482,(anonymous_43)
FN:505,(anonymous_44)
FN:510,(anonymous_45)
FN:524,(anonymous_46)
FN:550,(anonymous_47)
FN:557,(anonymous_48)
FN:577,(anonymous_49)
FN:605,(anonymous_50)
FN:621,(anonymous_51)
FN:647,(anonymous_52)
FN:675,(anonymous_53)
FN:685,(anonymous_54)
FN:715,(anonymous_55)
FN:741,(anonymous_56)
FN:754,(anonymous_57)
FN:764,(anonymous_58)
FN:778,(anonymous_59)
FN:797,(anonymous_60)
FN:798,(anonymous_61)
FN:799,(anonymous_62)
FN:806,(anonymous_63)
FN:811,(anonymous_64)
FN:813,(anonymous_65)
FN:829,(anonymous_66)
FN:833,(anonymous_67)
FN:835,(anonymous_68)
FN:848,(anonymous_69)
FN:864,(anonymous_70)
FN:873,(anonymous_71)
FN:875,(anonymous_72)
FN:882,(anonymous_73)
FN:883,(anonymous_74)
FN:891,(anonymous_75)
FNF:75
FNH:0
FNDA:0,(anonymous_1)
FNDA:0,(anonymous_2)
FNDA:0,(anonymous_3)
FNDA:0,(anonymous_4)
FNDA:0,(anonymous_5)
FNDA:0,(anonymous_6)
FNDA:0,(anonymous_7)
FNDA:0,(anonymous_8)
FNDA:0,(anonymous_9)
FNDA:0,(anonymous_10)
FNDA:0,(anonymous_11)
FNDA:0,(anonymous_12)
FNDA:0,(anonymous_13)
FNDA:0,(anonymous_14)
FNDA:0,(anonymous_15)
FNDA:0,(anonymous_16)
FNDA:0,(anonymous_17)
FNDA:0,(anonymous_18)
FNDA:0,(anonymous_19)
FNDA:0,(anonymous_20)
FNDA:0,(anonymous_21)
FNDA:0,(anonymous_22)
FNDA:0,(anonymous_23)
FNDA:0,(anonymous_24)
FNDA:0,(anonymous_25)
FNDA:0,(anonymous_26)
FNDA:0,(anonymous_27)
FNDA:0,(anonymous_28)
FNDA:0,(anonymous_29)
FNDA:0,(anonymous_30)
FNDA:0,(anonymous_31)
FNDA:0,(anonymous_32)
FNDA:0,(anonymous_33)
FNDA:0,(anonymous_34)
FNDA:0,(anonymous_35)
FNDA:0,(anonymous_36)
FNDA:0,(anonymous_37)
FNDA:0,(anonymous_38)
FNDA:0,(anonymous_39)
FNDA:0,(anonymous_40)
FNDA:0,(anonymous_41)
FNDA:0,(anonymous_42)
FNDA:0,(anonymous_43)
FNDA:0,(anonymous_44)
FNDA:0,(anonymous_45)
FNDA:0,(anonymous_46)
FNDA:0,(anonymous_47)
FNDA:0,(anonymous_48)
FNDA:0,(anonymous_49)
FNDA:0,(anonymous_50)
FNDA:0,(anonymous_51)
FNDA:0,(anonymous_52)
FNDA:0,(anonymous_53)
FNDA:0,(anonymous_54)
FNDA:0,(anonymous_55)
FNDA:0,(anonymous_56)
FNDA:0,(anonymous_57)
FNDA:0,(anonymous_58)
FNDA:0,(anonymous_59)
FNDA:0,(anonymous_60)
FNDA:0,(anonymous_61)
FNDA:0,(anonymous_62)
FNDA:0,(anonymous_63)
FNDA:0,(anonymous_64)
FNDA:0,(anonymous_65)
FNDA:0,(anonymous_66)
FNDA:0,(anonymous_67)
FNDA:0,(anonymous_68)
FNDA:0,(anonymous_69)
FNDA:0,(anonymous_70)
FNDA:0,(anonymous_71)
FNDA:0,(anonymous_72)
FNDA:0,(anonymous_73)
FNDA:0,(anonymous_74)
FNDA:0,(anonymous_75)
DA:1,0
DA:2,0
DA:76,0
DA:98,0
DA:102,0
DA:103,0
DA:104,0
DA:105,0
DA:111,0
DA:120,0
DA:121,0
DA:122,0
DA:123,0
DA:125,0
DA:126,0
DA:127,0
DA:128,0
DA:131,0
DA:133,0
DA:139,0
DA:140,0
DA:141,0
DA:143,0
DA:149,0
DA:150,0
DA:151,0
DA:153,0
DA:159,0
DA:160,0
DA:161,0
DA:162,0
DA:170,0
DA:175,0
DA:176,0
DA:182,0
DA:183,0
DA:184,0
DA:186,0
DA:187,0
DA:189,0
DA:190,0
DA:191,0
DA:192,0
DA:193,0
DA:196,0
DA:199,0
DA:200,0
DA:201,0
DA:207,0
DA:208,0
DA:209,0
DA:211,0
DA:217,0
DA:218,0
DA:219,0
DA:228,0
DA:229,0
DA:234,0
DA:247,0
DA:248,0
DA:250,0
DA:251,0
DA:253,0
DA:258,0
DA:261,0
DA:268,0
DA:277,0
DA:278,0
DA:283,0
DA:284,0
DA:293,0
DA:296,0
DA:301,0
DA:302,0
DA:304,0
DA:305,0
DA:306,0
DA:307,0
DA:309,0
DA:314,0
DA:318,0
DA:319,0
DA:322,0
DA:323,0
DA:329,0
DA:330,0
DA:333,0
DA:334,0
DA:337,0
DA:338,0
DA:339,0
DA:344,0
DA:346,0
DA:347,0
DA:357,0
DA:358,0
DA:359,0
DA:361,0
DA:363,0
DA:372,0
DA:373,0
DA:376,0
DA:377,0
DA:378,0
DA:382,0
DA:383,0
DA:385,0
DA:387,0
DA:388,0
DA:389,0
DA:393,0
DA:394,0
DA:395,0
DA:396,0
DA:398,0
DA:409,0
DA:418,0
DA:419,0
DA:422,0
DA:423,0
DA:424,0
DA:426,0
DA:435,0
DA:436,0
DA:437,0
DA:438,0
DA:440,0
DA:441,0
DA:442,0
DA:443,0
DA:445,0
DA:457,0
DA:458,0
DA:459,0
DA:462,0
DA:467,0
DA:474,0
DA:483,0
DA:484,0
DA:485,0
DA:488,0
DA:495,0
DA:496,0
DA:505,0
DA:510,0
DA:515,0
DA:517,0
DA:518,0
DA:519,0
DA:525,0
DA:526,0
DA:527,0
DA:530,0
DA:535,0
DA:542,0
DA:551,0
DA:552,0
DA:553,0
DA:556,0
DA:557,0
DA:559,0
DA:564,0
DA:565,0
DA:567,0
DA:568,0
DA:572,0
DA:578,0
DA:579,0
DA:580,0
DA:583,0
DA:588,0
DA:597,0
DA:606,0
DA:607,0
DA:608,0
DA:609,0
DA:610,0
DA:611,0
DA:613,0
DA:622,0
DA:623,0
DA:624,0
DA:626,0
DA:631,0
DA:638,0
DA:639,0
DA:648,0
DA:649,0
DA:650,0
DA:653,0
DA:658,0
DA:665,0
DA:667,0
DA:676,0
DA:677,0
DA:678,0
DA:680,0
DA:686,0
DA:687,0
DA:688,0
DA:691,0
DA:696,0
DA:704,0
DA:706,0
DA:716,0
DA:717,0
DA:718,0
DA:721,0
DA:726,0
DA:733,0
DA:742,0
DA:743,0
DA:744,0
DA:745,0
DA:746,0
DA:747,0
DA:749,0
DA:755,0
DA:756,0
DA:757,0
DA:759,0
DA:765,0
DA:766,0
DA:767,0
DA:768,0
DA:770,0
DA:779,0
DA:780,0
DA:781,0
DA:782,0
DA:783,0
DA:789,0
DA:798,0
DA:800,0
DA:807,0
DA:808,0
DA:811,0
DA:814,0
DA:817,0
DA:819,0
DA:820,0
DA:823,0
DA:824,0
DA:830,0
DA:831,0
DA:833,0
DA:835,0
DA:837,0
DA:839,0
DA:840,0
DA:842,0
DA:843,0
DA:849,0
DA:850,0
DA:852,0
DA:853,0
DA:864,0
DA:865,0
DA:867,0
DA:869,0
DA:870,0
DA:871,0
DA:872,0
DA:873,0
DA:874,0
DA:875,0
DA:878,0
DA:880,0
DA:881,0
DA:882,0
DA:883,0
DA:885,0
DA:886,0
DA:892,0
LF:274
LH:0
BRDA:108,0,0,0
BRDA:108,0,1,0
BRDA:112,1,0,0
BRDA:112,1,1,0
BRDA:122,2,0,0
BRDA:122,2,1,0
BRDA:127,3,0,0
BRDA:164,4,0,0
BRDA:164,4,1,0
BRDA:165,5,0,0
BRDA:165,5,1,0
BRDA:166,6,0,0
BRDA:166,6,1,0
BRDA:190,7,0,0
BRDA:190,7,1,0
BRDA:218,8,0,0
BRDA:237,9,0,0
BRDA:237,9,1,0
BRDA:248,10,0,0
BRDA:277,11,0,0
BRDA:277,11,1,0
BRDA:309,12,0,0
BRDA:309,12,1,0
BRDA:319,13,0,0
BRDA:322,14,0,0
BRDA:333,15,0,0
BRDA:338,16,0,0
BRDA:338,16,1,0
BRDA:347,17,0,0
BRDA:347,17,1,0
BRDA:348,18,0,0
BRDA:348,18,1,0
BRDA:364,19,0,0
BRDA:364,19,1,0
BRDA:378,20,0,0
BRDA:378,20,1,0
BRDA:389,21,0,0
BRDA:389,21,1,0
BRDA:395,22,0,0
BRDA:395,22,1,0
BRDA:395,23,0,0
BRDA:395,23,1,0
BRDA:410,24,0,0
BRDA:410,24,1,0
BRDA:418,25,0,0
BRDA:418,25,1,0
BRDA:423,26,0,0
BRDA:437,27,0,0
BRDA:443,28,0,0
BRDA:443,28,1,0
BRDA:475,29,0,0
BRDA:475,29,1,0
BRDA:498,30,0,0
BRDA:498,30,1,0
BRDA:499,31,0,0
BRDA:499,31,1,0
BRDA:500,32,0,0
BRDA:500,32,1,0
BRDA:543,33,0,0
BRDA:543,33,1,0
BRDA:565,34,0,0
BRDA:577,35,0,0
BRDA:598,36,0,0
BRDA:598,36,1,0
BRDA:609,37,0,0
BRDA:609,37,1,0
BRDA:614,38,0,0
BRDA:614,38,1,0
BRDA:640,39,0,0
BRDA:640,39,1,0
BRDA:668,40,0,0
BRDA:668,40,1,0
BRDA:707,41,0,0
BRDA:707,41,1,0
BRDA:734,42,0,0
BRDA:734,42,1,0
BRDA:743,43,0,0
BRDA:771,44,0,0
BRDA:771,44,1,0
BRDA:790,45,0,0
BRDA:790,45,1,0
BRDA:800,46,0,0
BRDA:800,46,1,0
BRDA:808,47,0,0
BRDA:814,48,0,0
BRDA:814,48,1,0
BRDA:831,49,0,0
BRDA:848,50,0,0
BRDA:850,51,0,0
BRDA:861,52,0,0
BRDA:861,52,1,0
BRDA:865,53,0,0
BRDA:865,53,1,0
BRDA:872,54,0,0
BRDA:874,55,0,0
BRDA:874,55,1,0
BRDA:875,56,0,0
BRDA:875,56,1,0
BRDA:881,57,0,0
BRDA:883,58,0,0
BRDA:883,58,1,0
BRF:101
BRH:0
end_of_record
TN:
SF:src/stores/settingsStore.ts
FN:22,(anonymous_1)
FN:26,(anonymous_2)
FNF:2
FNH:0
FNDA:0,(anonymous_1)
FNDA:0,(anonymous_2)
DA:1,0
DA:2,0
DA:20,0
DA:22,0
DA:26,0
LF:5
LH:0
BRF:0
BRH:0
end_of_record
